Connecting to database specified by database.yml
Connecting to database specified by database.yml


Started GET "/assets/rails.png" for 127.0.0.1 at 2013-06-21 05:51:48 +0530
Served asset /rails.png - 200 OK (281ms)
Connecting to database specified by database.yml
Connecting to database specified by database.yml
Connecting to database specified by database.yml
Connecting to database specified by database.yml
Connecting to database specified by database.yml


Started GET "/" for 127.0.0.1 at 2013-06-21 05:58:40 +0530
Processing by HomeController#index as HTML
  Rendered home/index.html.erb within layouts/application (15.6ms)
Compiled home.css  (62ms)  (pid 3484)
Compiled application.css  (156ms)  (pid 3484)
Compiled jquery.js  (0ms)  (pid 3484)
Compiled jquery_ujs.js  (0ms)  (pid 3484)
Compiled home.js  (843ms)  (pid 3484)
Compiled application.js  (1109ms)  (pid 3484)
Completed 200 OK in 1531ms (Views: 1531.2ms | ActiveRecord: 0.0ms)


Started GET "/assets/jquery.js?body=1" for 127.0.0.1 at 2013-06-21 05:58:42 +0530
Served asset /jquery.js - 200 OK (46ms)


Started GET "/assets/application.css?body=1" for 127.0.0.1 at 2013-06-21 05:58:42 +0530
Served asset /application.css - 200 OK (15ms)


Started GET "/assets/jquery_ujs.js?body=1" for 127.0.0.1 at 2013-06-21 05:58:42 +0530
Served asset /jquery_ujs.js - 200 OK (15ms)


Started GET "/assets/home.css?body=1" for 127.0.0.1 at 2013-06-21 05:58:42 +0530
Served asset /home.css - 200 OK (0ms)


Started GET "/assets/home.js?body=1" for 127.0.0.1 at 2013-06-21 05:58:42 +0530
Served asset /home.js - 200 OK (0ms)


Started GET "/assets/application.js?body=1" for 127.0.0.1 at 2013-06-21 05:58:42 +0530
Served asset /application.js - 200 OK (171ms)


Started GET "/home" for 127.0.0.1 at 2013-06-21 05:59:02 +0530

ActionController::RoutingError (No route matches [GET] "/home"):
  actionpack (3.2.13) lib/action_dispatch/middleware/debug_exceptions.rb:21:in `call'
  actionpack (3.2.13) lib/action_dispatch/middleware/show_exceptions.rb:56:in `call'
  railties (3.2.13) lib/rails/rack/logger.rb:32:in `call_app'
  railties (3.2.13) lib/rails/rack/logger.rb:16:in `block in call'
  activesupport (3.2.13) lib/active_support/tagged_logging.rb:22:in `tagged'
  railties (3.2.13) lib/rails/rack/logger.rb:16:in `call'
  actionpack (3.2.13) lib/action_dispatch/middleware/request_id.rb:22:in `call'
  rack (1.4.5) lib/rack/methodoverride.rb:21:in `call'
  rack (1.4.5) lib/rack/runtime.rb:17:in `call'
  activesupport (3.2.13) lib/active_support/cache/strategy/local_cache.rb:72:in `call'
  rack (1.4.5) lib/rack/lock.rb:15:in `call'
  actionpack (3.2.13) lib/action_dispatch/middleware/static.rb:63:in `call'
  railties (3.2.13) lib/rails/engine.rb:479:in `call'
  railties (3.2.13) lib/rails/application.rb:223:in `call'
  rack (1.4.5) lib/rack/content_length.rb:14:in `call'
  railties (3.2.13) lib/rails/rack/log_tailer.rb:17:in `call'
  rack (1.4.5) lib/rack/handler/webrick.rb:59:in `service'
  C:/RailsInstaller/Ruby1.9.3/lib/ruby/1.9.1/webrick/httpserver.rb:138:in `service'
  C:/RailsInstaller/Ruby1.9.3/lib/ruby/1.9.1/webrick/httpserver.rb:94:in `run'
  C:/RailsInstaller/Ruby1.9.3/lib/ruby/1.9.1/webrick/server.rb:191:in `block in start_thread'


  Rendered C:/RailsInstaller/Ruby1.9.3/lib/ruby/gems/1.9.1/gems/actionpack-3.2.13/lib/action_dispatch/middleware/templates/rescues/routing_error.erb within rescues/layout (0.0ms)


Started GET "/home/index" for 127.0.0.1 at 2013-06-21 05:59:12 +0530
Processing by HomeController#index as HTML
  Rendered home/index.html.erb within layouts/application (0.0ms)
Completed 200 OK in 16ms (Views: 15.6ms | ActiveRecord: 0.0ms)


Started GET "/assets/home.js?body=1" for 127.0.0.1 at 2013-06-21 05:59:12 +0530
Served asset /home.js - 304 Not Modified (0ms)


Started GET "/assets/home.css?body=1" for 127.0.0.1 at 2013-06-21 05:59:12 +0530
Served asset /home.css - 304 Not Modified (0ms)


Started GET "/home/index" for 127.0.0.1 at 2013-06-21 05:59:29 +0530
Processing by HomeController#index as HTML
  Rendered home/index.html.erb within layouts/application (0.0ms)
Completed 200 OK in 31ms (Views: 31.2ms | ActiveRecord: 0.0ms)


Started GET "/assets/home.js?body=1" for 127.0.0.1 at 2013-06-21 05:59:29 +0530
Served asset /home.js - 304 Not Modified (0ms)


Started GET "/assets/home.css?body=1" for 127.0.0.1 at 2013-06-21 05:59:29 +0530
Served asset /home.css - 304 Not Modified (0ms)


Started GET "/" for 127.0.0.1 at 2013-06-21 05:59:35 +0530

ActionController::RoutingError (No route matches [GET] "/"):
  actionpack (3.2.13) lib/action_dispatch/middleware/debug_exceptions.rb:21:in `call'
  actionpack (3.2.13) lib/action_dispatch/middleware/show_exceptions.rb:56:in `call'
  railties (3.2.13) lib/rails/rack/logger.rb:32:in `call_app'
  railties (3.2.13) lib/rails/rack/logger.rb:16:in `block in call'
  activesupport (3.2.13) lib/active_support/tagged_logging.rb:22:in `tagged'
  railties (3.2.13) lib/rails/rack/logger.rb:16:in `call'
  actionpack (3.2.13) lib/action_dispatch/middleware/request_id.rb:22:in `call'
  rack (1.4.5) lib/rack/methodoverride.rb:21:in `call'
  rack (1.4.5) lib/rack/runtime.rb:17:in `call'
  activesupport (3.2.13) lib/active_support/cache/strategy/local_cache.rb:72:in `call'
  rack (1.4.5) lib/rack/lock.rb:15:in `call'
  actionpack (3.2.13) lib/action_dispatch/middleware/static.rb:63:in `call'
  railties (3.2.13) lib/rails/engine.rb:479:in `call'
  railties (3.2.13) lib/rails/application.rb:223:in `call'
  rack (1.4.5) lib/rack/content_length.rb:14:in `call'
  railties (3.2.13) lib/rails/rack/log_tailer.rb:17:in `call'
  rack (1.4.5) lib/rack/handler/webrick.rb:59:in `service'
  C:/RailsInstaller/Ruby1.9.3/lib/ruby/1.9.1/webrick/httpserver.rb:138:in `service'
  C:/RailsInstaller/Ruby1.9.3/lib/ruby/1.9.1/webrick/httpserver.rb:94:in `run'
  C:/RailsInstaller/Ruby1.9.3/lib/ruby/1.9.1/webrick/server.rb:191:in `block in start_thread'


  Rendered C:/RailsInstaller/Ruby1.9.3/lib/ruby/gems/1.9.1/gems/actionpack-3.2.13/lib/action_dispatch/middleware/templates/rescues/routing_error.erb within rescues/layout (0.0ms)


Started GET "/" for 127.0.0.1 at 2013-06-21 05:59:39 +0530

ActionController::RoutingError (No route matches [GET] "/"):
  actionpack (3.2.13) lib/action_dispatch/middleware/debug_exceptions.rb:21:in `call'
  actionpack (3.2.13) lib/action_dispatch/middleware/show_exceptions.rb:56:in `call'
  railties (3.2.13) lib/rails/rack/logger.rb:32:in `call_app'
  railties (3.2.13) lib/rails/rack/logger.rb:16:in `block in call'
  activesupport (3.2.13) lib/active_support/tagged_logging.rb:22:in `tagged'
  railties (3.2.13) lib/rails/rack/logger.rb:16:in `call'
  actionpack (3.2.13) lib/action_dispatch/middleware/request_id.rb:22:in `call'
  rack (1.4.5) lib/rack/methodoverride.rb:21:in `call'
  rack (1.4.5) lib/rack/runtime.rb:17:in `call'
  activesupport (3.2.13) lib/active_support/cache/strategy/local_cache.rb:72:in `call'
  rack (1.4.5) lib/rack/lock.rb:15:in `call'
  actionpack (3.2.13) lib/action_dispatch/middleware/static.rb:63:in `call'
  railties (3.2.13) lib/rails/engine.rb:479:in `call'
  railties (3.2.13) lib/rails/application.rb:223:in `call'
  rack (1.4.5) lib/rack/content_length.rb:14:in `call'
  railties (3.2.13) lib/rails/rack/log_tailer.rb:17:in `call'
  rack (1.4.5) lib/rack/handler/webrick.rb:59:in `service'
  C:/RailsInstaller/Ruby1.9.3/lib/ruby/1.9.1/webrick/httpserver.rb:138:in `service'
  C:/RailsInstaller/Ruby1.9.3/lib/ruby/1.9.1/webrick/httpserver.rb:94:in `run'
  C:/RailsInstaller/Ruby1.9.3/lib/ruby/1.9.1/webrick/server.rb:191:in `block in start_thread'


  Rendered C:/RailsInstaller/Ruby1.9.3/lib/ruby/gems/1.9.1/gems/actionpack-3.2.13/lib/action_dispatch/middleware/templates/rescues/routing_error.erb within rescues/layout (0.0ms)


Started GET "/assets/rails.png" for 127.0.0.1 at 2013-06-21 06:00:02 +0530
Served asset /rails.png - 304 Not Modified (15ms)
Connecting to database specified by database.yml


Started GET "/assets/rails.png" for 127.0.0.1 at 2013-09-27 00:09:20 +0530
Served asset /rails.png - 200 OK (15ms)


Started GET "/blog" for 127.0.0.1 at 2013-09-27 00:09:41 +0530

ActionController::RoutingError (No route matches [GET] "/blog"):
  actionpack (3.2.13) lib/action_dispatch/middleware/debug_exceptions.rb:21:in `call'
  actionpack (3.2.13) lib/action_dispatch/middleware/show_exceptions.rb:56:in `call'
  railties (3.2.13) lib/rails/rack/logger.rb:32:in `call_app'
  railties (3.2.13) lib/rails/rack/logger.rb:16:in `block in call'
  activesupport (3.2.13) lib/active_support/tagged_logging.rb:22:in `tagged'
  railties (3.2.13) lib/rails/rack/logger.rb:16:in `call'
  actionpack (3.2.13) lib/action_dispatch/middleware/request_id.rb:22:in `call'
  rack (1.4.5) lib/rack/methodoverride.rb:21:in `call'
  rack (1.4.5) lib/rack/runtime.rb:17:in `call'
  activesupport (3.2.13) lib/active_support/cache/strategy/local_cache.rb:72:in `call'
  rack (1.4.5) lib/rack/lock.rb:15:in `call'
  actionpack (3.2.13) lib/action_dispatch/middleware/static.rb:63:in `call'
  railties (3.2.13) lib/rails/engine.rb:479:in `call'
  railties (3.2.13) lib/rails/application.rb:223:in `call'
  rack (1.4.5) lib/rack/content_length.rb:14:in `call'
  railties (3.2.13) lib/rails/rack/log_tailer.rb:17:in `call'
  rack (1.4.5) lib/rack/handler/webrick.rb:59:in `service'
  c:/RailsInstaller/Ruby1.9.3/lib/ruby/1.9.1/webrick/httpserver.rb:138:in `service'
  c:/RailsInstaller/Ruby1.9.3/lib/ruby/1.9.1/webrick/httpserver.rb:94:in `run'
  c:/RailsInstaller/Ruby1.9.3/lib/ruby/1.9.1/webrick/server.rb:191:in `block in start_thread'


  Rendered c:/RailsInstaller/Ruby1.9.3/lib/ruby/gems/1.9.1/gems/actionpack-3.2.13/lib/action_dispatch/middleware/templates/rescues/routing_error.erb within rescues/layout (31.2ms)
Connecting to database specified by database.yml
Connecting to database specified by database.yml
  [1m[36m (0.0ms)[0m  [1mselect sqlite_version(*)[0m
  [1m[35m (109.4ms)[0m  CREATE TABLE "schema_migrations" ("version" varchar(255) NOT NULL) 
  [1m[36m (125.0ms)[0m  [1mCREATE UNIQUE INDEX "unique_schema_migrations" ON "schema_migrations" ("version")[0m
  [1m[35m (0.0ms)[0m  SELECT "schema_migrations"."version" FROM "schema_migrations" 
Migrating to CreatePosts (20130926184516)
  [1m[36m (0.0ms)[0m  [1mbegin transaction[0m
  [1m[35m (0.0ms)[0m  CREATE TABLE "posts" ("id" INTEGER PRIMARY KEY AUTOINCREMENT NOT NULL, "title" varchar(255), "body" text, "created_at" datetime NOT NULL, "updated_at" datetime NOT NULL) 
  [1m[36m (0.0ms)[0m  [1mINSERT INTO "schema_migrations" ("version") VALUES ('20130926184516')[0m
  [1m[35m (125.0ms)[0m  commit transaction
  [1m[36m (0.0ms)[0m  [1mSELECT "schema_migrations"."version" FROM "schema_migrations" [0m
Connecting to database specified by database.yml


Started GET "/posts" for 127.0.0.1 at 2013-09-27 00:16:32 +0530
Processing by PostsController#index as HTML
  [1m[36mPost Load (0.0ms)[0m  [1mSELECT "posts".* FROM "posts" [0m
  Rendered posts/index.html.erb within layouts/application (0.0ms)
Compiled posts.css  (31ms)  (pid 1160)
Compiled scaffolds.css  (31ms)  (pid 1160)
Compiled application.css  (375ms)  (pid 1160)
Compiled jquery.js  (0ms)  (pid 1160)
Compiled jquery_ujs.js  (0ms)  (pid 1160)
Compiled posts.js  (1906ms)  (pid 1160)
Compiled application.js  (2359ms)  (pid 1160)
Completed 200 OK in 3266ms (Views: 3046.9ms | ActiveRecord: 0.0ms)


Started GET "/assets/home.css?body=1" for 127.0.0.1 at 2013-09-27 00:16:35 +0530
Served asset /home.css - 200 OK (0ms)


Started GET "/assets/application.css?body=1" for 127.0.0.1 at 2013-09-27 00:16:35 +0530
Served asset /application.css - 200 OK (15ms)


Started GET "/assets/scaffolds.css?body=1" for 127.0.0.1 at 2013-09-27 00:16:35 +0530
Served asset /scaffolds.css - 200 OK (15ms)


Started GET "/assets/posts.css?body=1" for 127.0.0.1 at 2013-09-27 00:16:35 +0530
Served asset /posts.css - 200 OK (15ms)


Started GET "/assets/home.js?body=1" for 127.0.0.1 at 2013-09-27 00:16:35 +0530
Served asset /home.js - 200 OK (0ms)


Started GET "/assets/jquery.js?body=1" for 127.0.0.1 at 2013-09-27 00:16:35 +0530
Served asset /jquery.js - 200 OK (15ms)


Started GET "/assets/jquery_ujs.js?body=1" for 127.0.0.1 at 2013-09-27 00:16:35 +0530
Served asset /jquery_ujs.js - 200 OK (15ms)


Started GET "/assets/posts.js?body=1" for 127.0.0.1 at 2013-09-27 00:16:36 +0530
Served asset /posts.js - 200 OK (15ms)


Started GET "/assets/application.js?body=1" for 127.0.0.1 at 2013-09-27 00:16:36 +0530
Served asset /application.js - 200 OK (15ms)


Started GET "/posts/new" for 127.0.0.1 at 2013-09-27 00:16:39 +0530
Processing by PostsController#new as HTML
  Rendered posts/_form.html.erb (62.5ms)
  Rendered posts/new.html.erb within layouts/application (109.4ms)
Completed 200 OK in 141ms (Views: 109.4ms | ActiveRecord: 0.0ms)


Started GET "/assets/posts.css?body=1" for 127.0.0.1 at 2013-09-27 00:16:39 +0530
Served asset /posts.css - 304 Not Modified (0ms)


Started GET "/assets/home.css?body=1" for 127.0.0.1 at 2013-09-27 00:16:39 +0530
Served asset /home.css - 304 Not Modified (0ms)


Started GET "/assets/scaffolds.css?body=1" for 127.0.0.1 at 2013-09-27 00:16:39 +0530
Served asset /scaffolds.css - 304 Not Modified (0ms)


Started GET "/assets/application.css?body=1" for 127.0.0.1 at 2013-09-27 00:16:39 +0530
Served asset /application.css - 304 Not Modified (0ms)


Started GET "/assets/jquery.js?body=1" for 127.0.0.1 at 2013-09-27 00:16:39 +0530
Served asset /jquery.js - 304 Not Modified (0ms)


Started GET "/assets/jquery_ujs.js?body=1" for 127.0.0.1 at 2013-09-27 00:16:39 +0530
Served asset /jquery_ujs.js - 304 Not Modified (0ms)


Started GET "/assets/home.js?body=1" for 127.0.0.1 at 2013-09-27 00:16:39 +0530
Served asset /home.js - 304 Not Modified (0ms)


Started GET "/assets/posts.js?body=1" for 127.0.0.1 at 2013-09-27 00:16:39 +0530
Served asset /posts.js - 304 Not Modified (0ms)


Started GET "/assets/application.js?body=1" for 127.0.0.1 at 2013-09-27 00:16:39 +0530
Served asset /application.js - 304 Not Modified (0ms)


Started POST "/posts" for 127.0.0.1 at 2013-09-27 00:16:50 +0530
Processing by PostsController#create as HTML
  Parameters: {"utf8"=>"✓", "authenticity_token"=>"k48xE0IDRAHTtd1dNxXoml8NU3Cn9Ynq/Bipt3eOqJI=", "post"=>{"title"=>"first post", "body"=>"hi adhidqs"}, "commit"=>"Create Post"}
  [1m[35m (0.0ms)[0m  begin transaction
  [1m[36mSQL (46.9ms)[0m  [1mINSERT INTO "posts" ("body", "created_at", "title", "updated_at") VALUES (?, ?, ?, ?)[0m  [["body", "hi adhidqs"], ["created_at", Thu, 26 Sep 2013 18:46:50 UTC +00:00], ["title", "first post"], ["updated_at", Thu, 26 Sep 2013 18:46:50 UTC +00:00]]
  [1m[35m (125.0ms)[0m  commit transaction
Redirected to http://localhost:3000/posts/1
Completed 302 Found in 172ms (ActiveRecord: 171.9ms)


Started GET "/posts/1" for 127.0.0.1 at 2013-09-27 00:16:50 +0530
Processing by PostsController#show as HTML
  Parameters: {"id"=>"1"}
  [1m[36mPost Load (15.6ms)[0m  [1mSELECT "posts".* FROM "posts" WHERE "posts"."id" = ? LIMIT 1[0m  [["id", "1"]]
  Rendered posts/show.html.erb within layouts/application (0.0ms)
Completed 200 OK in 31ms (Views: 15.6ms | ActiveRecord: 15.6ms)


Started GET "/assets/application.css?body=1" for 127.0.0.1 at 2013-09-27 00:16:50 +0530
Served asset /application.css - 304 Not Modified (0ms)


Started GET "/assets/home.css?body=1" for 127.0.0.1 at 2013-09-27 00:16:50 +0530
Served asset /home.css - 304 Not Modified (0ms)


Started GET "/assets/posts.css?body=1" for 127.0.0.1 at 2013-09-27 00:16:50 +0530
Served asset /posts.css - 304 Not Modified (0ms)


Started GET "/assets/scaffolds.css?body=1" for 127.0.0.1 at 2013-09-27 00:16:50 +0530
Served asset /scaffolds.css - 304 Not Modified (0ms)


Started GET "/assets/jquery.js?body=1" for 127.0.0.1 at 2013-09-27 00:16:50 +0530
Served asset /jquery.js - 304 Not Modified (0ms)


Started GET "/assets/jquery_ujs.js?body=1" for 127.0.0.1 at 2013-09-27 00:16:50 +0530
Served asset /jquery_ujs.js - 304 Not Modified (0ms)


Started GET "/assets/home.js?body=1" for 127.0.0.1 at 2013-09-27 00:16:50 +0530
Served asset /home.js - 304 Not Modified (0ms)


Started GET "/assets/posts.js?body=1" for 127.0.0.1 at 2013-09-27 00:16:50 +0530
Served asset /posts.js - 304 Not Modified (0ms)


Started GET "/assets/application.js?body=1" for 127.0.0.1 at 2013-09-27 00:16:50 +0530
Served asset /application.js - 304 Not Modified (0ms)


Started GET "/posts/1" for 127.0.0.1 at 2013-09-27 00:18:34 +0530
Processing by PostsController#show as HTML
  Parameters: {"id"=>"1"}
  [1m[35mPost Load (0.0ms)[0m  SELECT "posts".* FROM "posts" WHERE "posts"."id" = ? LIMIT 1  [["id", "1"]]
  Rendered posts/show.html.erb within layouts/application (0.0ms)
Compiled posts.js  (0ms)  (pid 1160)
Compiled application.js  (109ms)  (pid 1160)
Completed 200 OK in 266ms (Views: 265.6ms | ActiveRecord: 0.0ms)


Started GET "/assets/application.css?body=1" for 127.0.0.1 at 2013-09-27 00:18:35 +0530
Served asset /application.css - 200 OK (0ms)


Started GET "/assets/posts.css?body=1" for 127.0.0.1 at 2013-09-27 00:18:35 +0530
Served asset /posts.css - 200 OK (0ms)


Started GET "/assets/home.css?body=1" for 127.0.0.1 at 2013-09-27 00:18:35 +0530
Served asset /home.css - 200 OK (0ms)


Started GET "/assets/scaffolds.css?body=1" for 127.0.0.1 at 2013-09-27 00:18:35 +0530
Served asset /scaffolds.css - 200 OK (0ms)


Started GET "/assets/jquery.js?body=1" for 127.0.0.1 at 2013-09-27 00:18:35 +0530
Served asset /jquery.js - 200 OK (0ms)


Started GET "/assets/home.js?body=1" for 127.0.0.1 at 2013-09-27 00:18:35 +0530
Served asset /home.js - 200 OK (0ms)


Started GET "/assets/jquery_ujs.js?body=1" for 127.0.0.1 at 2013-09-27 00:18:35 +0530
Served asset /jquery_ujs.js - 200 OK (0ms)


Started GET "/assets/application.js?body=1" for 127.0.0.1 at 2013-09-27 00:18:35 +0530
Served asset /application.js - 200 OK (15ms)


Started GET "/assets/posts.js?body=1" for 127.0.0.1 at 2013-09-27 00:18:35 +0530
Served asset /posts.js - 200 OK (0ms)


Started GET "/posts" for 127.0.0.1 at 2013-09-27 00:18:38 +0530
Processing by PostsController#index as HTML
  [1m[36mPost Load (0.0ms)[0m  [1mSELECT "posts".* FROM "posts" [0m
  Rendered posts/index.html.erb within layouts/application (15.6ms)
Completed 200 OK in 16ms (Views: 15.6ms | ActiveRecord: 0.0ms)


Started GET "/assets/jquery.js?body=1" for 127.0.0.1 at 2013-09-27 00:18:38 +0530
Served asset /jquery.js - 304 Not Modified (0ms)


Started GET "/assets/application.css?body=1" for 127.0.0.1 at 2013-09-27 00:18:38 +0530
Served asset /application.css - 304 Not Modified (0ms)


Started GET "/assets/scaffolds.css?body=1" for 127.0.0.1 at 2013-09-27 00:18:38 +0530
Served asset /scaffolds.css - 304 Not Modified (0ms)


Started GET "/assets/home.css?body=1" for 127.0.0.1 at 2013-09-27 00:18:39 +0530
Served asset /home.css - 304 Not Modified (0ms)


Started GET "/assets/jquery_ujs.js?body=1" for 127.0.0.1 at 2013-09-27 00:18:39 +0530
Served asset /jquery_ujs.js - 304 Not Modified (0ms)


Started GET "/assets/posts.css?body=1" for 127.0.0.1 at 2013-09-27 00:18:39 +0530
Served asset /posts.css - 304 Not Modified (0ms)


Started GET "/assets/home.js?body=1" for 127.0.0.1 at 2013-09-27 00:18:39 +0530
Served asset /home.js - 304 Not Modified (0ms)


Started GET "/assets/posts.js?body=1" for 127.0.0.1 at 2013-09-27 00:18:39 +0530
Served asset /posts.js - 304 Not Modified (0ms)


Started GET "/assets/application.js?body=1" for 127.0.0.1 at 2013-09-27 00:18:39 +0530
Served asset /application.js - 304 Not Modified (0ms)


Started GET "/posts" for 127.0.0.1 at 2013-09-27 00:18:41 +0530
Processing by PostsController#index as HTML
  [1m[35mPost Load (0.0ms)[0m  SELECT "posts".* FROM "posts" 
  Rendered posts/index.html.erb within layouts/application (0.0ms)
Completed 200 OK in 31ms (Views: 31.2ms | ActiveRecord: 0.0ms)


Started GET "/assets/application.css?body=1" for 127.0.0.1 at 2013-09-27 00:18:41 +0530
Served asset /application.css - 200 OK (0ms)


Started GET "/assets/home.css?body=1" for 127.0.0.1 at 2013-09-27 00:18:41 +0530
Served asset /home.css - 200 OK (0ms)


Started GET "/assets/posts.css?body=1" for 127.0.0.1 at 2013-09-27 00:18:41 +0530
Served asset /posts.css - 200 OK (0ms)


Started GET "/assets/jquery.js?body=1" for 127.0.0.1 at 2013-09-27 00:18:41 +0530
Served asset /jquery.js - 200 OK (0ms)


Started GET "/assets/scaffolds.css?body=1" for 127.0.0.1 at 2013-09-27 00:18:41 +0530
Served asset /scaffolds.css - 200 OK (0ms)


Started GET "/assets/jquery_ujs.js?body=1" for 127.0.0.1 at 2013-09-27 00:18:41 +0530
Served asset /jquery_ujs.js - 200 OK (0ms)


Started GET "/assets/home.js?body=1" for 127.0.0.1 at 2013-09-27 00:18:41 +0530
Served asset /home.js - 200 OK (0ms)


Started GET "/assets/posts.js?body=1" for 127.0.0.1 at 2013-09-27 00:18:41 +0530
Served asset /posts.js - 200 OK (0ms)


Started GET "/assets/application.js?body=1" for 127.0.0.1 at 2013-09-27 00:18:41 +0530
Served asset /application.js - 200 OK (0ms)


Started GET "/posts" for 127.0.0.1 at 2013-09-27 00:19:45 +0530
Processing by PostsController#index as HTML
  [1m[36mPost Load (0.0ms)[0m  [1mSELECT "posts".* FROM "posts" [0m
  Rendered posts/index.html.erb within layouts/application (0.0ms)
Completed 200 OK in 16ms (Views: 15.6ms | ActiveRecord: 0.0ms)


Started GET "/assets/application.css?body=1" for 127.0.0.1 at 2013-09-27 00:19:46 +0530
Served asset /application.css - 200 OK (0ms)


Started GET "/assets/home.css?body=1" for 127.0.0.1 at 2013-09-27 00:19:46 +0530
Served asset /home.css - 200 OK (0ms)


Started GET "/assets/posts.css?body=1" for 127.0.0.1 at 2013-09-27 00:19:46 +0530
Served asset /posts.css - 200 OK (0ms)


Started GET "/assets/scaffolds.css?body=1" for 127.0.0.1 at 2013-09-27 00:19:46 +0530
Served asset /scaffolds.css - 200 OK (0ms)


Started GET "/assets/jquery.js?body=1" for 127.0.0.1 at 2013-09-27 00:19:46 +0530
Served asset /jquery.js - 200 OK (0ms)


Started GET "/assets/jquery_ujs.js?body=1" for 127.0.0.1 at 2013-09-27 00:19:46 +0530
Served asset /jquery_ujs.js - 200 OK (0ms)


Started GET "/assets/home.js?body=1" for 127.0.0.1 at 2013-09-27 00:19:46 +0530
Served asset /home.js - 200 OK (0ms)


Started GET "/assets/application.js?body=1" for 127.0.0.1 at 2013-09-27 00:19:46 +0530
Served asset /application.js - 200 OK (0ms)


Started GET "/assets/posts.js?body=1" for 127.0.0.1 at 2013-09-27 00:19:46 +0530
Served asset /posts.js - 200 OK (0ms)


Started GET "/posts" for 127.0.0.1 at 2013-09-27 00:22:09 +0530
Processing by PostsController#index as HTML
  [1m[35mPost Load (0.0ms)[0m  SELECT "posts".* FROM "posts" 
  Rendered posts/index.html.erb within layouts/application (0.0ms)
Completed 200 OK in 31ms (Views: 31.2ms | ActiveRecord: 0.0ms)


Started GET "/assets/application.css?body=1" for 127.0.0.1 at 2013-09-27 00:22:09 +0530
Served asset /application.css - 200 OK (0ms)


Started GET "/assets/home.css?body=1" for 127.0.0.1 at 2013-09-27 00:22:09 +0530
Served asset /home.css - 200 OK (0ms)


Started GET "/assets/posts.css?body=1" for 127.0.0.1 at 2013-09-27 00:22:09 +0530
Served asset /posts.css - 200 OK (0ms)


Started GET "/assets/scaffolds.css?body=1" for 127.0.0.1 at 2013-09-27 00:22:09 +0530
Served asset /scaffolds.css - 200 OK (0ms)


Started GET "/assets/jquery_ujs.js?body=1" for 127.0.0.1 at 2013-09-27 00:22:09 +0530
Served asset /jquery_ujs.js - 200 OK (0ms)


Started GET "/assets/jquery.js?body=1" for 127.0.0.1 at 2013-09-27 00:22:09 +0530
Served asset /jquery.js - 200 OK (0ms)


Started GET "/assets/home.js?body=1" for 127.0.0.1 at 2013-09-27 00:22:09 +0530
Served asset /home.js - 200 OK (0ms)


Started GET "/assets/posts.js?body=1" for 127.0.0.1 at 2013-09-27 00:22:09 +0530
Served asset /posts.js - 200 OK (0ms)


Started GET "/assets/application.js?body=1" for 127.0.0.1 at 2013-09-27 00:22:09 +0530
Served asset /application.js - 200 OK (0ms)


Started GET "/posts" for 127.0.0.1 at 2013-09-27 00:23:32 +0530
Processing by PostsController#index as HTML
  [1m[36mPost Load (0.0ms)[0m  [1mSELECT "posts".* FROM "posts" [0m
  Rendered posts/index.html.erb within layouts/application (15.6ms)
Completed 200 OK in 16ms (Views: 15.6ms | ActiveRecord: 0.0ms)


Started GET "/assets/home.css?body=1" for 127.0.0.1 at 2013-09-27 00:23:32 +0530
Served asset /home.css - 200 OK (0ms)


Started GET "/assets/application.css?body=1" for 127.0.0.1 at 2013-09-27 00:23:32 +0530
Served asset /application.css - 200 OK (0ms)


Started GET "/assets/posts.css?body=1" for 127.0.0.1 at 2013-09-27 00:23:32 +0530
Served asset /posts.css - 200 OK (0ms)


Started GET "/assets/scaffolds.css?body=1" for 127.0.0.1 at 2013-09-27 00:23:32 +0530
Served asset /scaffolds.css - 200 OK (0ms)


Started GET "/assets/jquery.js?body=1" for 127.0.0.1 at 2013-09-27 00:23:32 +0530
Served asset /jquery.js - 200 OK (0ms)


Started GET "/assets/home.js?body=1" for 127.0.0.1 at 2013-09-27 00:23:32 +0530
Served asset /home.js - 200 OK (0ms)


Started GET "/assets/jquery_ujs.js?body=1" for 127.0.0.1 at 2013-09-27 00:23:32 +0530
Served asset /jquery_ujs.js - 200 OK (0ms)


Started GET "/assets/application.js?body=1" for 127.0.0.1 at 2013-09-27 00:23:32 +0530
Served asset /application.js - 200 OK (0ms)


Started GET "/assets/posts.js?body=1" for 127.0.0.1 at 2013-09-27 00:23:32 +0530
Served asset /posts.js - 200 OK (0ms)


Started GET "/posts" for 127.0.0.1 at 2013-09-27 00:24:19 +0530
Processing by PostsController#index as HTML
  [1m[35mPost Load (0.0ms)[0m  SELECT "posts".* FROM "posts" 
  Rendered posts/index.html.erb within layouts/application (0.0ms)
Compiled posts.js  (0ms)  (pid 1160)
Compiled application.js  (0ms)  (pid 1160)
Completed 200 OK in 297ms (Views: 296.9ms | ActiveRecord: 0.0ms)


Started GET "/assets/application.css?body=1" for 127.0.0.1 at 2013-09-27 00:24:19 +0530
Served asset /application.css - 200 OK (0ms)


Started GET "/assets/home.css?body=1" for 127.0.0.1 at 2013-09-27 00:24:19 +0530
Served asset /home.css - 200 OK (0ms)


Started GET "/assets/scaffolds.css?body=1" for 127.0.0.1 at 2013-09-27 00:24:19 +0530
Served asset /scaffolds.css - 200 OK (0ms)


Started GET "/assets/posts.css?body=1" for 127.0.0.1 at 2013-09-27 00:24:19 +0530
Served asset /posts.css - 200 OK (0ms)


Started GET "/assets/jquery_ujs.js?body=1" for 127.0.0.1 at 2013-09-27 00:24:19 +0530
Served asset /jquery_ujs.js - 200 OK (0ms)


Started GET "/assets/home.js?body=1" for 127.0.0.1 at 2013-09-27 00:24:19 +0530
Served asset /home.js - 200 OK (0ms)


Started GET "/assets/jquery.js?body=1" for 127.0.0.1 at 2013-09-27 00:24:19 +0530
Served asset /jquery.js - 200 OK (0ms)


Started GET "/assets/posts.js?body=1" for 127.0.0.1 at 2013-09-27 00:24:19 +0530
Served asset /posts.js - 200 OK (265ms)


Started GET "/assets/application.js?body=1" for 127.0.0.1 at 2013-09-27 00:24:20 +0530
Served asset /application.js - 200 OK (31ms)


Started GET "/posts" for 127.0.0.1 at 2013-09-27 00:25:17 +0530
Processing by PostsController#index as HTML
  [1m[36mPost Load (0.0ms)[0m  [1mSELECT "posts".* FROM "posts" [0m
  Rendered posts/index.html.erb within layouts/application (0.0ms)
Compiled posts.js  (0ms)  (pid 1160)
Compiled application.js  (15ms)  (pid 1160)
Completed 200 OK in 234ms (Views: 234.4ms | ActiveRecord: 0.0ms)


Started GET "/assets/application.css?body=1" for 127.0.0.1 at 2013-09-27 00:25:17 +0530
Served asset /application.css - 200 OK (0ms)


Started GET "/assets/home.css?body=1" for 127.0.0.1 at 2013-09-27 00:25:17 +0530
Served asset /home.css - 200 OK (0ms)


Started GET "/assets/posts.css?body=1" for 127.0.0.1 at 2013-09-27 00:25:17 +0530
Served asset /posts.css - 200 OK (0ms)


Started GET "/assets/scaffolds.css?body=1" for 127.0.0.1 at 2013-09-27 00:25:17 +0530
Served asset /scaffolds.css - 200 OK (0ms)


Started GET "/assets/jquery.js?body=1" for 127.0.0.1 at 2013-09-27 00:25:17 +0530
Served asset /jquery.js - 200 OK (0ms)


Started GET "/assets/jquery_ujs.js?body=1" for 127.0.0.1 at 2013-09-27 00:25:17 +0530
Served asset /jquery_ujs.js - 200 OK (0ms)


Started GET "/assets/home.js?body=1" for 127.0.0.1 at 2013-09-27 00:25:17 +0530
Served asset /home.js - 200 OK (0ms)


Started GET "/assets/posts.js?body=1" for 127.0.0.1 at 2013-09-27 00:25:17 +0530
Served asset /posts.js - 200 OK (0ms)


Started GET "/assets/application.js?body=1" for 127.0.0.1 at 2013-09-27 00:25:17 +0530
Served asset /application.js - 200 OK (15ms)


Started GET "/posts" for 127.0.0.1 at 2013-09-27 00:25:32 +0530
Processing by PostsController#index as HTML
  [1m[35mPost Load (0.0ms)[0m  SELECT "posts".* FROM "posts" 
  Rendered posts/index.html.erb within layouts/application (0.0ms)
Compiled posts.js  (0ms)  (pid 1160)
Compiled application.js  (0ms)  (pid 1160)
Completed 200 OK in 250ms (Views: 250.0ms | ActiveRecord: 0.0ms)


Started GET "/assets/application.css?body=1" for 127.0.0.1 at 2013-09-27 00:25:32 +0530
Served asset /application.css - 200 OK (0ms)


Started GET "/assets/posts.css?body=1" for 127.0.0.1 at 2013-09-27 00:25:32 +0530
Served asset /posts.css - 200 OK (0ms)


Started GET "/assets/home.css?body=1" for 127.0.0.1 at 2013-09-27 00:25:32 +0530
Served asset /home.css - 200 OK (0ms)


Started GET "/assets/scaffolds.css?body=1" for 127.0.0.1 at 2013-09-27 00:25:32 +0530
Served asset /scaffolds.css - 200 OK (0ms)


Started GET "/assets/home.js?body=1" for 127.0.0.1 at 2013-09-27 00:25:32 +0530
Served asset /home.js - 200 OK (0ms)


Started GET "/assets/jquery.js?body=1" for 127.0.0.1 at 2013-09-27 00:25:32 +0530
Served asset /jquery.js - 200 OK (0ms)


Started GET "/assets/posts.js?body=1" for 127.0.0.1 at 2013-09-27 00:25:32 +0530
Served asset /posts.js - 200 OK (203ms)


Started GET "/assets/jquery_ujs.js?body=1" for 127.0.0.1 at 2013-09-27 00:25:33 +0530
Served asset /jquery_ujs.js - 200 OK (0ms)


Started GET "/assets/application.js?body=1" for 127.0.0.1 at 2013-09-27 00:25:33 +0530
Served asset /application.js - 200 OK (31ms)


Started GET "/posts" for 127.0.0.1 at 2013-09-27 00:26:18 +0530
Processing by PostsController#index as HTML
  [1m[36mPost Load (0.0ms)[0m  [1mSELECT "posts".* FROM "posts" [0m
  Rendered posts/index.html.erb within layouts/application (0.0ms)
Compiled posts.js  (0ms)  (pid 1160)
Compiled application.js  (0ms)  (pid 1160)
Completed 200 OK in 266ms (Views: 234.4ms | ActiveRecord: 0.0ms)


Started GET "/assets/application.css?body=1" for 127.0.0.1 at 2013-09-27 00:26:18 +0530
Served asset /application.css - 200 OK (15ms)


Started GET "/assets/posts.css?body=1" for 127.0.0.1 at 2013-09-27 00:26:18 +0530
Served asset /posts.css - 200 OK (0ms)


Started GET "/assets/home.css?body=1" for 127.0.0.1 at 2013-09-27 00:26:18 +0530
Served asset /home.css - 200 OK (0ms)


Started GET "/assets/scaffolds.css?body=1" for 127.0.0.1 at 2013-09-27 00:26:18 +0530
Served asset /scaffolds.css - 200 OK (0ms)


Started GET "/assets/jquery.js?body=1" for 127.0.0.1 at 2013-09-27 00:26:18 +0530
Served asset /jquery.js - 200 OK (0ms)


Started GET "/assets/home.js?body=1" for 127.0.0.1 at 2013-09-27 00:26:18 +0530
Served asset /home.js - 200 OK (0ms)


Started GET "/assets/jquery_ujs.js?body=1" for 127.0.0.1 at 2013-09-27 00:26:18 +0530
Served asset /jquery_ujs.js - 200 OK (0ms)


Started GET "/assets/posts.js?body=1" for 127.0.0.1 at 2013-09-27 00:26:18 +0530
Served asset /posts.js - 200 OK (62ms)


Started GET "/assets/application.js?body=1" for 127.0.0.1 at 2013-09-27 00:26:18 +0530
Served asset /application.js - 200 OK (15ms)


Started GET "/posts" for 127.0.0.1 at 2013-09-27 00:26:37 +0530
Processing by PostsController#index as HTML
  [1m[35mPost Load (0.0ms)[0m  SELECT "posts".* FROM "posts" 
  Rendered posts/index.html.erb within layouts/application (0.0ms)
Compiled posts.js  (0ms)  (pid 1160)
Compiled application.js  (15ms)  (pid 1160)
Completed 200 OK in 266ms (Views: 265.6ms | ActiveRecord: 0.0ms)


Started GET "/assets/application.css?body=1" for 127.0.0.1 at 2013-09-27 00:26:37 +0530
Served asset /application.css - 200 OK (0ms)


Started GET "/assets/home.css?body=1" for 127.0.0.1 at 2013-09-27 00:26:37 +0530
Served asset /home.css - 200 OK (0ms)


Started GET "/assets/posts.css?body=1" for 127.0.0.1 at 2013-09-27 00:26:37 +0530
Served asset /posts.css - 200 OK (0ms)


Started GET "/assets/scaffolds.css?body=1" for 127.0.0.1 at 2013-09-27 00:26:37 +0530
Served asset /scaffolds.css - 200 OK (0ms)


Started GET "/assets/jquery.js?body=1" for 127.0.0.1 at 2013-09-27 00:26:37 +0530
Served asset /jquery.js - 200 OK (0ms)


Started GET "/assets/jquery_ujs.js?body=1" for 127.0.0.1 at 2013-09-27 00:26:37 +0530
Served asset /jquery_ujs.js - 200 OK (0ms)


Started GET "/assets/posts.js?body=1" for 127.0.0.1 at 2013-09-27 00:26:37 +0530
Served asset /posts.js - 200 OK (0ms)


Started GET "/assets/home.js?body=1" for 127.0.0.1 at 2013-09-27 00:26:37 +0530
Served asset /home.js - 200 OK (0ms)


Started GET "/assets/application.js?body=1" for 127.0.0.1 at 2013-09-27 00:26:37 +0530
Served asset /application.js - 200 OK (93ms)


Started GET "/posts" for 127.0.0.1 at 2013-09-27 00:33:38 +0530
Processing by PostsController#index as HTML
  [1m[36mPost Load (0.0ms)[0m  [1mSELECT "posts".* FROM "posts" [0m
  Rendered posts/index.html.erb within layouts/application (0.0ms)
Compiled posts.js  (0ms)  (pid 1160)
Compiled application.js  (0ms)  (pid 1160)
Completed 200 OK in 219ms (Views: 218.8ms | ActiveRecord: 0.0ms)


Started GET "/assets/application.css?body=1" for 127.0.0.1 at 2013-09-27 00:33:39 +0530
Served asset /application.css - 200 OK (0ms)


Started GET "/assets/home.css?body=1" for 127.0.0.1 at 2013-09-27 00:33:39 +0530
Served asset /home.css - 200 OK (0ms)


Started GET "/assets/posts.css?body=1" for 127.0.0.1 at 2013-09-27 00:33:39 +0530
Served asset /posts.css - 200 OK (0ms)


Started GET "/assets/scaffolds.css?body=1" for 127.0.0.1 at 2013-09-27 00:33:39 +0530
Served asset /scaffolds.css - 200 OK (0ms)


Started GET "/assets/home.js?body=1" for 127.0.0.1 at 2013-09-27 00:33:39 +0530
Served asset /home.js - 200 OK (0ms)


Started GET "/assets/jquery.js?body=1" for 127.0.0.1 at 2013-09-27 00:33:39 +0530
Served asset /jquery.js - 200 OK (0ms)


Started GET "/assets/jquery_ujs.js?body=1" for 127.0.0.1 at 2013-09-27 00:33:39 +0530
Served asset /jquery_ujs.js - 200 OK (0ms)


Started GET "/assets/posts.js?body=1" for 127.0.0.1 at 2013-09-27 00:33:39 +0530
Served asset /posts.js - 200 OK (15ms)


Started GET "/assets/application.js?body=1" for 127.0.0.1 at 2013-09-27 00:33:39 +0530
Served asset /application.js - 200 OK (15ms)


Started GET "/posts" for 127.0.0.1 at 2013-09-27 00:50:26 +0530
Processing by PostsController#index as HTML
  [1m[35mPost Load (15.6ms)[0m  SELECT "posts".* FROM "posts" 
ERROR: compiling _app_views_posts_index_html_erb__658491471_13848528 RAISED f:/myRails/blog/app/views/posts/index.html.erb:29: syntax error, unexpected keyword_end
');@output_buffer.append= ( end );@output_buffer.to_s
                               ^
f:/myRails/blog/app/views/posts/index.html.erb:30: syntax error, unexpected keyword_ensure, expecting ')'
f:/myRails/blog/app/views/posts/index.html.erb:32: syntax error, unexpected keyword_end, expecting ')'
Function body:           def _app_views_posts_index_html_erb__658491471_13848528(local_assigns, output_buffer)
            _old_virtual_path, @virtual_path = @virtual_path, "posts/index";_old_output_buffer = @output_buffer;;@output_buffer = output_buffer || ActionView::OutputBuffer.new;@output_buffer.safe_concat('<h1>Listing posts</h1>

<table>
  <tr>
    <th>Title</th>
    <th>Body</th>
    <th></th>
    <th></th>
    <th></th>
  </tr>

'); @posts.each do |post| 
@output_buffer.safe_concat('  <tr>
    <td>');@output_buffer.append= ( post.title );@output_buffer.safe_concat('</td>
    <td>');@output_buffer.append= ( post.body );@output_buffer.safe_concat('</td>
    <td>');@output_buffer.append= ( link_to 'Show', post );@output_buffer.safe_concat('</td>
    <td>');@output_buffer.append= ( link_to 'Edit', edit_post_path(post) );@output_buffer.safe_concat('</td>
    <td>');@output_buffer.append= ( link_to 'Destroy', post, method: :delete, data: { confirm: 'Are you sure?' } );@output_buffer.safe_concat('</td>
  </tr>
'); end 
@output_buffer.safe_concat('</table>

<br />

');@output_buffer.append= ( link_to 'New Post', new_post_path );@output_buffer.safe_concat('
');@output_buffer.safe_concat('
');@output_buffer.append=  javascript_tag do @output_buffer.safe_concat('
');@output_buffer.safe_concat('  alert(\'in................123\');
');@output_buffer.append= ( end );@output_buffer.to_s
          ensure
            @virtual_path, @output_buffer = _old_virtual_path, _old_output_buffer
          end

Backtrace: c:/RailsInstaller/Ruby1.9.3/lib/ruby/gems/1.9.1/gems/actionpack-3.2.13/lib/action_view/template.rb:297:in `module_eval'
c:/RailsInstaller/Ruby1.9.3/lib/ruby/gems/1.9.1/gems/actionpack-3.2.13/lib/action_view/template.rb:297:in `compile'
c:/RailsInstaller/Ruby1.9.3/lib/ruby/gems/1.9.1/gems/actionpack-3.2.13/lib/action_view/template.rb:244:in `block in compile!'
<internal:prelude>:10:in `synchronize'
c:/RailsInstaller/Ruby1.9.3/lib/ruby/gems/1.9.1/gems/actionpack-3.2.13/lib/action_view/template.rb:232:in `compile!'
c:/RailsInstaller/Ruby1.9.3/lib/ruby/gems/1.9.1/gems/actionpack-3.2.13/lib/action_view/template.rb:144:in `block in render'
c:/RailsInstaller/Ruby1.9.3/lib/ruby/gems/1.9.1/gems/activesupport-3.2.13/lib/active_support/notifications.rb:125:in `instrument'
c:/RailsInstaller/Ruby1.9.3/lib/ruby/gems/1.9.1/gems/actionpack-3.2.13/lib/action_view/template.rb:143:in `render'
c:/RailsInstaller/Ruby1.9.3/lib/ruby/gems/1.9.1/gems/actionpack-3.2.13/lib/action_view/renderer/template_renderer.rb:47:in `block (2 levels) in render_template'
c:/RailsInstaller/Ruby1.9.3/lib/ruby/gems/1.9.1/gems/actionpack-3.2.13/lib/action_view/renderer/abstract_renderer.rb:38:in `block in instrument'
c:/RailsInstaller/Ruby1.9.3/lib/ruby/gems/1.9.1/gems/activesupport-3.2.13/lib/active_support/notifications.rb:123:in `block in instrument'
c:/RailsInstaller/Ruby1.9.3/lib/ruby/gems/1.9.1/gems/activesupport-3.2.13/lib/active_support/notifications/instrumenter.rb:20:in `instrument'
c:/RailsInstaller/Ruby1.9.3/lib/ruby/gems/1.9.1/gems/activesupport-3.2.13/lib/active_support/notifications.rb:123:in `instrument'
c:/RailsInstaller/Ruby1.9.3/lib/ruby/gems/1.9.1/gems/actionpack-3.2.13/lib/action_view/renderer/abstract_renderer.rb:38:in `instrument'
c:/RailsInstaller/Ruby1.9.3/lib/ruby/gems/1.9.1/gems/actionpack-3.2.13/lib/action_view/renderer/template_renderer.rb:46:in `block in render_template'
c:/RailsInstaller/Ruby1.9.3/lib/ruby/gems/1.9.1/gems/actionpack-3.2.13/lib/action_view/renderer/template_renderer.rb:54:in `render_with_layout'
c:/RailsInstaller/Ruby1.9.3/lib/ruby/gems/1.9.1/gems/actionpack-3.2.13/lib/action_view/renderer/template_renderer.rb:45:in `render_template'
c:/RailsInstaller/Ruby1.9.3/lib/ruby/gems/1.9.1/gems/actionpack-3.2.13/lib/action_view/renderer/template_renderer.rb:18:in `render'
c:/RailsInstaller/Ruby1.9.3/lib/ruby/gems/1.9.1/gems/actionpack-3.2.13/lib/action_view/renderer/renderer.rb:36:in `render_template'
c:/RailsInstaller/Ruby1.9.3/lib/ruby/gems/1.9.1/gems/actionpack-3.2.13/lib/action_view/renderer/renderer.rb:17:in `render'
c:/RailsInstaller/Ruby1.9.3/lib/ruby/gems/1.9.1/gems/actionpack-3.2.13/lib/abstract_controller/rendering.rb:110:in `_render_template'
c:/RailsInstaller/Ruby1.9.3/lib/ruby/gems/1.9.1/gems/actionpack-3.2.13/lib/action_controller/metal/streaming.rb:225:in `_render_template'
c:/RailsInstaller/Ruby1.9.3/lib/ruby/gems/1.9.1/gems/actionpack-3.2.13/lib/abstract_controller/rendering.rb:103:in `render_to_body'
c:/RailsInstaller/Ruby1.9.3/lib/ruby/gems/1.9.1/gems/actionpack-3.2.13/lib/action_controller/metal/renderers.rb:28:in `render_to_body'
c:/RailsInstaller/Ruby1.9.3/lib/ruby/gems/1.9.1/gems/actionpack-3.2.13/lib/action_controller/metal/compatibility.rb:50:in `render_to_body'
c:/RailsInstaller/Ruby1.9.3/lib/ruby/gems/1.9.1/gems/actionpack-3.2.13/lib/abstract_controller/rendering.rb:88:in `render'
c:/RailsInstaller/Ruby1.9.3/lib/ruby/gems/1.9.1/gems/actionpack-3.2.13/lib/action_controller/metal/rendering.rb:16:in `render'
c:/RailsInstaller/Ruby1.9.3/lib/ruby/gems/1.9.1/gems/actionpack-3.2.13/lib/action_controller/metal/instrumentation.rb:40:in `block (2 levels) in render'
c:/RailsInstaller/Ruby1.9.3/lib/ruby/gems/1.9.1/gems/activesupport-3.2.13/lib/active_support/core_ext/benchmark.rb:5:in `block in ms'
c:/RailsInstaller/Ruby1.9.3/lib/ruby/1.9.1/benchmark.rb:295:in `realtime'
c:/RailsInstaller/Ruby1.9.3/lib/ruby/gems/1.9.1/gems/activesupport-3.2.13/lib/active_support/core_ext/benchmark.rb:5:in `ms'
c:/RailsInstaller/Ruby1.9.3/lib/ruby/gems/1.9.1/gems/actionpack-3.2.13/lib/action_controller/metal/instrumentation.rb:40:in `block in render'
c:/RailsInstaller/Ruby1.9.3/lib/ruby/gems/1.9.1/gems/actionpack-3.2.13/lib/action_controller/metal/instrumentation.rb:83:in `cleanup_view_runtime'
c:/RailsInstaller/Ruby1.9.3/lib/ruby/gems/1.9.1/gems/activerecord-3.2.13/lib/active_record/railties/controller_runtime.rb:24:in `cleanup_view_runtime'
c:/RailsInstaller/Ruby1.9.3/lib/ruby/gems/1.9.1/gems/actionpack-3.2.13/lib/action_controller/metal/instrumentation.rb:39:in `render'
c:/RailsInstaller/Ruby1.9.3/lib/ruby/gems/1.9.1/gems/actionpack-3.2.13/lib/action_controller/metal/implicit_render.rb:10:in `default_render'
c:/RailsInstaller/Ruby1.9.3/lib/ruby/gems/1.9.1/gems/actionpack-3.2.13/lib/action_controller/metal/mime_responds.rb:196:in `respond_to'
f:/myRails/blog/app/controllers/posts_controller.rb:7:in `index'
c:/RailsInstaller/Ruby1.9.3/lib/ruby/gems/1.9.1/gems/actionpack-3.2.13/lib/action_controller/metal/implicit_render.rb:4:in `send_action'
c:/RailsInstaller/Ruby1.9.3/lib/ruby/gems/1.9.1/gems/actionpack-3.2.13/lib/abstract_controller/base.rb:167:in `process_action'
c:/RailsInstaller/Ruby1.9.3/lib/ruby/gems/1.9.1/gems/actionpack-3.2.13/lib/action_controller/metal/rendering.rb:10:in `process_action'
c:/RailsInstaller/Ruby1.9.3/lib/ruby/gems/1.9.1/gems/actionpack-3.2.13/lib/abstract_controller/callbacks.rb:18:in `block in process_action'
c:/RailsInstaller/Ruby1.9.3/lib/ruby/gems/1.9.1/gems/activesupport-3.2.13/lib/active_support/callbacks.rb:414:in `_run__56220908__process_action__312142583__callbacks'
c:/RailsInstaller/Ruby1.9.3/lib/ruby/gems/1.9.1/gems/activesupport-3.2.13/lib/active_support/callbacks.rb:405:in `__run_callback'
c:/RailsInstaller/Ruby1.9.3/lib/ruby/gems/1.9.1/gems/activesupport-3.2.13/lib/active_support/callbacks.rb:385:in `_run_process_action_callbacks'
c:/RailsInstaller/Ruby1.9.3/lib/ruby/gems/1.9.1/gems/activesupport-3.2.13/lib/active_support/callbacks.rb:81:in `run_callbacks'
c:/RailsInstaller/Ruby1.9.3/lib/ruby/gems/1.9.1/gems/actionpack-3.2.13/lib/abstract_controller/callbacks.rb:17:in `process_action'
c:/RailsInstaller/Ruby1.9.3/lib/ruby/gems/1.9.1/gems/actionpack-3.2.13/lib/action_controller/metal/rescue.rb:29:in `process_action'
c:/RailsInstaller/Ruby1.9.3/lib/ruby/gems/1.9.1/gems/actionpack-3.2.13/lib/action_controller/metal/instrumentation.rb:30:in `block in process_action'
c:/RailsInstaller/Ruby1.9.3/lib/ruby/gems/1.9.1/gems/activesupport-3.2.13/lib/active_support/notifications.rb:123:in `block in instrument'
c:/RailsInstaller/Ruby1.9.3/lib/ruby/gems/1.9.1/gems/activesupport-3.2.13/lib/active_support/notifications/instrumenter.rb:20:in `instrument'
c:/RailsInstaller/Ruby1.9.3/lib/ruby/gems/1.9.1/gems/activesupport-3.2.13/lib/active_support/notifications.rb:123:in `instrument'
c:/RailsInstaller/Ruby1.9.3/lib/ruby/gems/1.9.1/gems/actionpack-3.2.13/lib/action_controller/metal/instrumentation.rb:29:in `process_action'
c:/RailsInstaller/Ruby1.9.3/lib/ruby/gems/1.9.1/gems/actionpack-3.2.13/lib/action_controller/metal/params_wrapper.rb:207:in `process_action'
c:/RailsInstaller/Ruby1.9.3/lib/ruby/gems/1.9.1/gems/activerecord-3.2.13/lib/active_record/railties/controller_runtime.rb:18:in `process_action'
c:/RailsInstaller/Ruby1.9.3/lib/ruby/gems/1.9.1/gems/actionpack-3.2.13/lib/abstract_controller/base.rb:121:in `process'
c:/RailsInstaller/Ruby1.9.3/lib/ruby/gems/1.9.1/gems/actionpack-3.2.13/lib/abstract_controller/rendering.rb:45:in `process'
c:/RailsInstaller/Ruby1.9.3/lib/ruby/gems/1.9.1/gems/actionpack-3.2.13/lib/action_controller/metal.rb:203:in `dispatch'
c:/RailsInstaller/Ruby1.9.3/lib/ruby/gems/1.9.1/gems/actionpack-3.2.13/lib/action_controller/metal/rack_delegation.rb:14:in `dispatch'
c:/RailsInstaller/Ruby1.9.3/lib/ruby/gems/1.9.1/gems/actionpack-3.2.13/lib/action_controller/metal.rb:246:in `block in action'
c:/RailsInstaller/Ruby1.9.3/lib/ruby/gems/1.9.1/gems/actionpack-3.2.13/lib/action_dispatch/routing/route_set.rb:73:in `call'
c:/RailsInstaller/Ruby1.9.3/lib/ruby/gems/1.9.1/gems/actionpack-3.2.13/lib/action_dispatch/routing/route_set.rb:73:in `dispatch'
c:/RailsInstaller/Ruby1.9.3/lib/ruby/gems/1.9.1/gems/actionpack-3.2.13/lib/action_dispatch/routing/route_set.rb:36:in `call'
c:/RailsInstaller/Ruby1.9.3/lib/ruby/gems/1.9.1/gems/journey-1.0.4/lib/journey/router.rb:68:in `block in call'
c:/RailsInstaller/Ruby1.9.3/lib/ruby/gems/1.9.1/gems/journey-1.0.4/lib/journey/router.rb:56:in `each'
c:/RailsInstaller/Ruby1.9.3/lib/ruby/gems/1.9.1/gems/journey-1.0.4/lib/journey/router.rb:56:in `call'
c:/RailsInstaller/Ruby1.9.3/lib/ruby/gems/1.9.1/gems/actionpack-3.2.13/lib/action_dispatch/routing/route_set.rb:612:in `call'
c:/RailsInstaller/Ruby1.9.3/lib/ruby/gems/1.9.1/gems/actionpack-3.2.13/lib/action_dispatch/middleware/best_standards_support.rb:17:in `call'
c:/RailsInstaller/Ruby1.9.3/lib/ruby/gems/1.9.1/gems/rack-1.4.5/lib/rack/etag.rb:23:in `call'
c:/RailsInstaller/Ruby1.9.3/lib/ruby/gems/1.9.1/gems/rack-1.4.5/lib/rack/conditionalget.rb:25:in `call'
c:/RailsInstaller/Ruby1.9.3/lib/ruby/gems/1.9.1/gems/actionpack-3.2.13/lib/action_dispatch/middleware/head.rb:14:in `call'
c:/RailsInstaller/Ruby1.9.3/lib/ruby/gems/1.9.1/gems/actionpack-3.2.13/lib/action_dispatch/middleware/params_parser.rb:21:in `call'
c:/RailsInstaller/Ruby1.9.3/lib/ruby/gems/1.9.1/gems/actionpack-3.2.13/lib/action_dispatch/middleware/flash.rb:242:in `call'
c:/RailsInstaller/Ruby1.9.3/lib/ruby/gems/1.9.1/gems/rack-1.4.5/lib/rack/session/abstract/id.rb:210:in `context'
c:/RailsInstaller/Ruby1.9.3/lib/ruby/gems/1.9.1/gems/rack-1.4.5/lib/rack/session/abstract/id.rb:205:in `call'
c:/RailsInstaller/Ruby1.9.3/lib/ruby/gems/1.9.1/gems/actionpack-3.2.13/lib/action_dispatch/middleware/cookies.rb:341:in `call'
c:/RailsInstaller/Ruby1.9.3/lib/ruby/gems/1.9.1/gems/activerecord-3.2.13/lib/active_record/query_cache.rb:64:in `call'
c:/RailsInstaller/Ruby1.9.3/lib/ruby/gems/1.9.1/gems/activerecord-3.2.13/lib/active_record/connection_adapters/abstract/connection_pool.rb:479:in `call'
c:/RailsInstaller/Ruby1.9.3/lib/ruby/gems/1.9.1/gems/actionpack-3.2.13/lib/action_dispatch/middleware/callbacks.rb:28:in `block in call'
c:/RailsInstaller/Ruby1.9.3/lib/ruby/gems/1.9.1/gems/activesupport-3.2.13/lib/active_support/callbacks.rb:405:in `_run__397784829__call__871756857__callbacks'
c:/RailsInstaller/Ruby1.9.3/lib/ruby/gems/1.9.1/gems/activesupport-3.2.13/lib/active_support/callbacks.rb:405:in `__run_callback'
c:/RailsInstaller/Ruby1.9.3/lib/ruby/gems/1.9.1/gems/activesupport-3.2.13/lib/active_support/callbacks.rb:385:in `_run_call_callbacks'
c:/RailsInstaller/Ruby1.9.3/lib/ruby/gems/1.9.1/gems/activesupport-3.2.13/lib/active_support/callbacks.rb:81:in `run_callbacks'
c:/RailsInstaller/Ruby1.9.3/lib/ruby/gems/1.9.1/gems/actionpack-3.2.13/lib/action_dispatch/middleware/callbacks.rb:27:in `call'
c:/RailsInstaller/Ruby1.9.3/lib/ruby/gems/1.9.1/gems/actionpack-3.2.13/lib/action_dispatch/middleware/reloader.rb:65:in `call'
c:/RailsInstaller/Ruby1.9.3/lib/ruby/gems/1.9.1/gems/actionpack-3.2.13/lib/action_dispatch/middleware/remote_ip.rb:31:in `call'
c:/RailsInstaller/Ruby1.9.3/lib/ruby/gems/1.9.1/gems/actionpack-3.2.13/lib/action_dispatch/middleware/debug_exceptions.rb:16:in `call'
c:/RailsInstaller/Ruby1.9.3/lib/ruby/gems/1.9.1/gems/actionpack-3.2.13/lib/action_dispatch/middleware/show_exceptions.rb:56:in `call'
c:/RailsInstaller/Ruby1.9.3/lib/ruby/gems/1.9.1/gems/railties-3.2.13/lib/rails/rack/logger.rb:32:in `call_app'
c:/RailsInstaller/Ruby1.9.3/lib/ruby/gems/1.9.1/gems/railties-3.2.13/lib/rails/rack/logger.rb:16:in `block in call'
c:/RailsInstaller/Ruby1.9.3/lib/ruby/gems/1.9.1/gems/activesupport-3.2.13/lib/active_support/tagged_logging.rb:22:in `tagged'
c:/RailsInstaller/Ruby1.9.3/lib/ruby/gems/1.9.1/gems/railties-3.2.13/lib/rails/rack/logger.rb:16:in `call'
c:/RailsInstaller/Ruby1.9.3/lib/ruby/gems/1.9.1/gems/actionpack-3.2.13/lib/action_dispatch/middleware/request_id.rb:22:in `call'
c:/RailsInstaller/Ruby1.9.3/lib/ruby/gems/1.9.1/gems/rack-1.4.5/lib/rack/methodoverride.rb:21:in `call'
c:/RailsInstaller/Ruby1.9.3/lib/ruby/gems/1.9.1/gems/rack-1.4.5/lib/rack/runtime.rb:17:in `call'
c:/RailsInstaller/Ruby1.9.3/lib/ruby/gems/1.9.1/gems/activesupport-3.2.13/lib/active_support/cache/strategy/local_cache.rb:72:in `call'
c:/RailsInstaller/Ruby1.9.3/lib/ruby/gems/1.9.1/gems/rack-1.4.5/lib/rack/lock.rb:15:in `call'
c:/RailsInstaller/Ruby1.9.3/lib/ruby/gems/1.9.1/gems/actionpack-3.2.13/lib/action_dispatch/middleware/static.rb:63:in `call'
c:/RailsInstaller/Ruby1.9.3/lib/ruby/gems/1.9.1/gems/railties-3.2.13/lib/rails/engine.rb:479:in `call'
c:/RailsInstaller/Ruby1.9.3/lib/ruby/gems/1.9.1/gems/railties-3.2.13/lib/rails/application.rb:223:in `call'
c:/RailsInstaller/Ruby1.9.3/lib/ruby/gems/1.9.1/gems/rack-1.4.5/lib/rack/content_length.rb:14:in `call'
c:/RailsInstaller/Ruby1.9.3/lib/ruby/gems/1.9.1/gems/railties-3.2.13/lib/rails/rack/log_tailer.rb:17:in `call'
c:/RailsInstaller/Ruby1.9.3/lib/ruby/gems/1.9.1/gems/rack-1.4.5/lib/rack/handler/webrick.rb:59:in `service'
c:/RailsInstaller/Ruby1.9.3/lib/ruby/1.9.1/webrick/httpserver.rb:138:in `service'
c:/RailsInstaller/Ruby1.9.3/lib/ruby/1.9.1/webrick/httpserver.rb:94:in `run'
c:/RailsInstaller/Ruby1.9.3/lib/ruby/1.9.1/webrick/server.rb:191:in `block in start_thread'
  Rendered posts/index.html.erb within layouts/application (375.0ms)
Completed 500 Internal Server Error in 406ms

ActionView::Template::Error (f:/myRails/blog/app/views/posts/index.html.erb:29: syntax error, unexpected keyword_end
');@output_buffer.append= ( end );@output_buffer.to_s
                               ^
f:/myRails/blog/app/views/posts/index.html.erb:30: syntax error, unexpected keyword_ensure, expecting ')'
f:/myRails/blog/app/views/posts/index.html.erb:32: syntax error, unexpected keyword_end, expecting ')'):
    26: 
    27: <%= javascript_tag do %>
    28:   alert('in................123');
    29: <%= end %>
  app/controllers/posts_controller.rb:7:in `index'


  Rendered c:/RailsInstaller/Ruby1.9.3/lib/ruby/gems/1.9.1/gems/actionpack-3.2.13/lib/action_dispatch/middleware/templates/rescues/_trace.erb (0.0ms)
  Rendered c:/RailsInstaller/Ruby1.9.3/lib/ruby/gems/1.9.1/gems/actionpack-3.2.13/lib/action_dispatch/middleware/templates/rescues/_request_and_response.erb (0.0ms)
  Rendered c:/RailsInstaller/Ruby1.9.3/lib/ruby/gems/1.9.1/gems/actionpack-3.2.13/lib/action_dispatch/middleware/templates/rescues/template_error.erb within rescues/layout (31.2ms)


Started GET "/posts" for 127.0.0.1 at 2013-09-27 00:51:09 +0530
Processing by PostsController#index as HTML
  [1m[36mPost Load (0.0ms)[0m  [1mSELECT "posts".* FROM "posts" [0m
ERROR: compiling _app_views_posts_index_html_erb__658491471_13848528 RAISED f:/myRails/blog/app/views/posts/index.html.erb:29: syntax error, unexpected keyword_end
');@output_buffer.append= ( end );@output_buffer.to_s
                               ^
f:/myRails/blog/app/views/posts/index.html.erb:30: syntax error, unexpected keyword_ensure, expecting ')'
f:/myRails/blog/app/views/posts/index.html.erb:32: syntax error, unexpected keyword_end, expecting ')'
Function body:           def _app_views_posts_index_html_erb__658491471_13848528(local_assigns, output_buffer)
            _old_virtual_path, @virtual_path = @virtual_path, "posts/index";_old_output_buffer = @output_buffer;;@output_buffer = output_buffer || ActionView::OutputBuffer.new;@output_buffer.safe_concat('<h1>Listing posts</h1>

<table>
  <tr>
    <th>Title</th>
    <th>Body</th>
    <th></th>
    <th></th>
    <th></th>
  </tr>

'); @posts.each do |post| 
@output_buffer.safe_concat('  <tr>
    <td>');@output_buffer.append= ( post.title );@output_buffer.safe_concat('</td>
    <td>');@output_buffer.append= ( post.body );@output_buffer.safe_concat('</td>
    <td>');@output_buffer.append= ( link_to 'Show', post );@output_buffer.safe_concat('</td>
    <td>');@output_buffer.append= ( link_to 'Edit', edit_post_path(post) );@output_buffer.safe_concat('</td>
    <td>');@output_buffer.append= ( link_to 'Destroy', post, method: :delete, data: { confirm: 'Are you sure?' } );@output_buffer.safe_concat('</td>
  </tr>
'); end 
@output_buffer.safe_concat('</table>

<br />

');@output_buffer.append= ( link_to 'New Post', new_post_path );@output_buffer.safe_concat('
');@output_buffer.safe_concat('
');@output_buffer.append=  javascript_tag do @output_buffer.safe_concat('
');@output_buffer.safe_concat('  alert(\'in................123\');
');@output_buffer.append= ( end );@output_buffer.to_s
          ensure
            @virtual_path, @output_buffer = _old_virtual_path, _old_output_buffer
          end

Backtrace: c:/RailsInstaller/Ruby1.9.3/lib/ruby/gems/1.9.1/gems/actionpack-3.2.13/lib/action_view/template.rb:297:in `module_eval'
c:/RailsInstaller/Ruby1.9.3/lib/ruby/gems/1.9.1/gems/actionpack-3.2.13/lib/action_view/template.rb:297:in `compile'
c:/RailsInstaller/Ruby1.9.3/lib/ruby/gems/1.9.1/gems/actionpack-3.2.13/lib/action_view/template.rb:244:in `block in compile!'
<internal:prelude>:10:in `synchronize'
c:/RailsInstaller/Ruby1.9.3/lib/ruby/gems/1.9.1/gems/actionpack-3.2.13/lib/action_view/template.rb:232:in `compile!'
c:/RailsInstaller/Ruby1.9.3/lib/ruby/gems/1.9.1/gems/actionpack-3.2.13/lib/action_view/template.rb:144:in `block in render'
c:/RailsInstaller/Ruby1.9.3/lib/ruby/gems/1.9.1/gems/activesupport-3.2.13/lib/active_support/notifications.rb:125:in `instrument'
c:/RailsInstaller/Ruby1.9.3/lib/ruby/gems/1.9.1/gems/actionpack-3.2.13/lib/action_view/template.rb:143:in `render'
c:/RailsInstaller/Ruby1.9.3/lib/ruby/gems/1.9.1/gems/actionpack-3.2.13/lib/action_view/renderer/template_renderer.rb:47:in `block (2 levels) in render_template'
c:/RailsInstaller/Ruby1.9.3/lib/ruby/gems/1.9.1/gems/actionpack-3.2.13/lib/action_view/renderer/abstract_renderer.rb:38:in `block in instrument'
c:/RailsInstaller/Ruby1.9.3/lib/ruby/gems/1.9.1/gems/activesupport-3.2.13/lib/active_support/notifications.rb:123:in `block in instrument'
c:/RailsInstaller/Ruby1.9.3/lib/ruby/gems/1.9.1/gems/activesupport-3.2.13/lib/active_support/notifications/instrumenter.rb:20:in `instrument'
c:/RailsInstaller/Ruby1.9.3/lib/ruby/gems/1.9.1/gems/activesupport-3.2.13/lib/active_support/notifications.rb:123:in `instrument'
c:/RailsInstaller/Ruby1.9.3/lib/ruby/gems/1.9.1/gems/actionpack-3.2.13/lib/action_view/renderer/abstract_renderer.rb:38:in `instrument'
c:/RailsInstaller/Ruby1.9.3/lib/ruby/gems/1.9.1/gems/actionpack-3.2.13/lib/action_view/renderer/template_renderer.rb:46:in `block in render_template'
c:/RailsInstaller/Ruby1.9.3/lib/ruby/gems/1.9.1/gems/actionpack-3.2.13/lib/action_view/renderer/template_renderer.rb:54:in `render_with_layout'
c:/RailsInstaller/Ruby1.9.3/lib/ruby/gems/1.9.1/gems/actionpack-3.2.13/lib/action_view/renderer/template_renderer.rb:45:in `render_template'
c:/RailsInstaller/Ruby1.9.3/lib/ruby/gems/1.9.1/gems/actionpack-3.2.13/lib/action_view/renderer/template_renderer.rb:18:in `render'
c:/RailsInstaller/Ruby1.9.3/lib/ruby/gems/1.9.1/gems/actionpack-3.2.13/lib/action_view/renderer/renderer.rb:36:in `render_template'
c:/RailsInstaller/Ruby1.9.3/lib/ruby/gems/1.9.1/gems/actionpack-3.2.13/lib/action_view/renderer/renderer.rb:17:in `render'
c:/RailsInstaller/Ruby1.9.3/lib/ruby/gems/1.9.1/gems/actionpack-3.2.13/lib/abstract_controller/rendering.rb:110:in `_render_template'
c:/RailsInstaller/Ruby1.9.3/lib/ruby/gems/1.9.1/gems/actionpack-3.2.13/lib/action_controller/metal/streaming.rb:225:in `_render_template'
c:/RailsInstaller/Ruby1.9.3/lib/ruby/gems/1.9.1/gems/actionpack-3.2.13/lib/abstract_controller/rendering.rb:103:in `render_to_body'
c:/RailsInstaller/Ruby1.9.3/lib/ruby/gems/1.9.1/gems/actionpack-3.2.13/lib/action_controller/metal/renderers.rb:28:in `render_to_body'
c:/RailsInstaller/Ruby1.9.3/lib/ruby/gems/1.9.1/gems/actionpack-3.2.13/lib/action_controller/metal/compatibility.rb:50:in `render_to_body'
c:/RailsInstaller/Ruby1.9.3/lib/ruby/gems/1.9.1/gems/actionpack-3.2.13/lib/abstract_controller/rendering.rb:88:in `render'
c:/RailsInstaller/Ruby1.9.3/lib/ruby/gems/1.9.1/gems/actionpack-3.2.13/lib/action_controller/metal/rendering.rb:16:in `render'
c:/RailsInstaller/Ruby1.9.3/lib/ruby/gems/1.9.1/gems/actionpack-3.2.13/lib/action_controller/metal/instrumentation.rb:40:in `block (2 levels) in render'
c:/RailsInstaller/Ruby1.9.3/lib/ruby/gems/1.9.1/gems/activesupport-3.2.13/lib/active_support/core_ext/benchmark.rb:5:in `block in ms'
c:/RailsInstaller/Ruby1.9.3/lib/ruby/1.9.1/benchmark.rb:295:in `realtime'
c:/RailsInstaller/Ruby1.9.3/lib/ruby/gems/1.9.1/gems/activesupport-3.2.13/lib/active_support/core_ext/benchmark.rb:5:in `ms'
c:/RailsInstaller/Ruby1.9.3/lib/ruby/gems/1.9.1/gems/actionpack-3.2.13/lib/action_controller/metal/instrumentation.rb:40:in `block in render'
c:/RailsInstaller/Ruby1.9.3/lib/ruby/gems/1.9.1/gems/actionpack-3.2.13/lib/action_controller/metal/instrumentation.rb:83:in `cleanup_view_runtime'
c:/RailsInstaller/Ruby1.9.3/lib/ruby/gems/1.9.1/gems/activerecord-3.2.13/lib/active_record/railties/controller_runtime.rb:24:in `cleanup_view_runtime'
c:/RailsInstaller/Ruby1.9.3/lib/ruby/gems/1.9.1/gems/actionpack-3.2.13/lib/action_controller/metal/instrumentation.rb:39:in `render'
c:/RailsInstaller/Ruby1.9.3/lib/ruby/gems/1.9.1/gems/actionpack-3.2.13/lib/action_controller/metal/implicit_render.rb:10:in `default_render'
c:/RailsInstaller/Ruby1.9.3/lib/ruby/gems/1.9.1/gems/actionpack-3.2.13/lib/action_controller/metal/mime_responds.rb:196:in `respond_to'
f:/myRails/blog/app/controllers/posts_controller.rb:7:in `index'
c:/RailsInstaller/Ruby1.9.3/lib/ruby/gems/1.9.1/gems/actionpack-3.2.13/lib/action_controller/metal/implicit_render.rb:4:in `send_action'
c:/RailsInstaller/Ruby1.9.3/lib/ruby/gems/1.9.1/gems/actionpack-3.2.13/lib/abstract_controller/base.rb:167:in `process_action'
c:/RailsInstaller/Ruby1.9.3/lib/ruby/gems/1.9.1/gems/actionpack-3.2.13/lib/action_controller/metal/rendering.rb:10:in `process_action'
c:/RailsInstaller/Ruby1.9.3/lib/ruby/gems/1.9.1/gems/actionpack-3.2.13/lib/abstract_controller/callbacks.rb:18:in `block in process_action'
c:/RailsInstaller/Ruby1.9.3/lib/ruby/gems/1.9.1/gems/activesupport-3.2.13/lib/active_support/callbacks.rb:414:in `_run__56220908__process_action__312142583__callbacks'
c:/RailsInstaller/Ruby1.9.3/lib/ruby/gems/1.9.1/gems/activesupport-3.2.13/lib/active_support/callbacks.rb:405:in `__run_callback'
c:/RailsInstaller/Ruby1.9.3/lib/ruby/gems/1.9.1/gems/activesupport-3.2.13/lib/active_support/callbacks.rb:385:in `_run_process_action_callbacks'
c:/RailsInstaller/Ruby1.9.3/lib/ruby/gems/1.9.1/gems/activesupport-3.2.13/lib/active_support/callbacks.rb:81:in `run_callbacks'
c:/RailsInstaller/Ruby1.9.3/lib/ruby/gems/1.9.1/gems/actionpack-3.2.13/lib/abstract_controller/callbacks.rb:17:in `process_action'
c:/RailsInstaller/Ruby1.9.3/lib/ruby/gems/1.9.1/gems/actionpack-3.2.13/lib/action_controller/metal/rescue.rb:29:in `process_action'
c:/RailsInstaller/Ruby1.9.3/lib/ruby/gems/1.9.1/gems/actionpack-3.2.13/lib/action_controller/metal/instrumentation.rb:30:in `block in process_action'
c:/RailsInstaller/Ruby1.9.3/lib/ruby/gems/1.9.1/gems/activesupport-3.2.13/lib/active_support/notifications.rb:123:in `block in instrument'
c:/RailsInstaller/Ruby1.9.3/lib/ruby/gems/1.9.1/gems/activesupport-3.2.13/lib/active_support/notifications/instrumenter.rb:20:in `instrument'
c:/RailsInstaller/Ruby1.9.3/lib/ruby/gems/1.9.1/gems/activesupport-3.2.13/lib/active_support/notifications.rb:123:in `instrument'
c:/RailsInstaller/Ruby1.9.3/lib/ruby/gems/1.9.1/gems/actionpack-3.2.13/lib/action_controller/metal/instrumentation.rb:29:in `process_action'
c:/RailsInstaller/Ruby1.9.3/lib/ruby/gems/1.9.1/gems/actionpack-3.2.13/lib/action_controller/metal/params_wrapper.rb:207:in `process_action'
c:/RailsInstaller/Ruby1.9.3/lib/ruby/gems/1.9.1/gems/activerecord-3.2.13/lib/active_record/railties/controller_runtime.rb:18:in `process_action'
c:/RailsInstaller/Ruby1.9.3/lib/ruby/gems/1.9.1/gems/actionpack-3.2.13/lib/abstract_controller/base.rb:121:in `process'
c:/RailsInstaller/Ruby1.9.3/lib/ruby/gems/1.9.1/gems/actionpack-3.2.13/lib/abstract_controller/rendering.rb:45:in `process'
c:/RailsInstaller/Ruby1.9.3/lib/ruby/gems/1.9.1/gems/actionpack-3.2.13/lib/action_controller/metal.rb:203:in `dispatch'
c:/RailsInstaller/Ruby1.9.3/lib/ruby/gems/1.9.1/gems/actionpack-3.2.13/lib/action_controller/metal/rack_delegation.rb:14:in `dispatch'
c:/RailsInstaller/Ruby1.9.3/lib/ruby/gems/1.9.1/gems/actionpack-3.2.13/lib/action_controller/metal.rb:246:in `block in action'
c:/RailsInstaller/Ruby1.9.3/lib/ruby/gems/1.9.1/gems/actionpack-3.2.13/lib/action_dispatch/routing/route_set.rb:73:in `call'
c:/RailsInstaller/Ruby1.9.3/lib/ruby/gems/1.9.1/gems/actionpack-3.2.13/lib/action_dispatch/routing/route_set.rb:73:in `dispatch'
c:/RailsInstaller/Ruby1.9.3/lib/ruby/gems/1.9.1/gems/actionpack-3.2.13/lib/action_dispatch/routing/route_set.rb:36:in `call'
c:/RailsInstaller/Ruby1.9.3/lib/ruby/gems/1.9.1/gems/journey-1.0.4/lib/journey/router.rb:68:in `block in call'
c:/RailsInstaller/Ruby1.9.3/lib/ruby/gems/1.9.1/gems/journey-1.0.4/lib/journey/router.rb:56:in `each'
c:/RailsInstaller/Ruby1.9.3/lib/ruby/gems/1.9.1/gems/journey-1.0.4/lib/journey/router.rb:56:in `call'
c:/RailsInstaller/Ruby1.9.3/lib/ruby/gems/1.9.1/gems/actionpack-3.2.13/lib/action_dispatch/routing/route_set.rb:612:in `call'
c:/RailsInstaller/Ruby1.9.3/lib/ruby/gems/1.9.1/gems/actionpack-3.2.13/lib/action_dispatch/middleware/best_standards_support.rb:17:in `call'
c:/RailsInstaller/Ruby1.9.3/lib/ruby/gems/1.9.1/gems/rack-1.4.5/lib/rack/etag.rb:23:in `call'
c:/RailsInstaller/Ruby1.9.3/lib/ruby/gems/1.9.1/gems/rack-1.4.5/lib/rack/conditionalget.rb:25:in `call'
c:/RailsInstaller/Ruby1.9.3/lib/ruby/gems/1.9.1/gems/actionpack-3.2.13/lib/action_dispatch/middleware/head.rb:14:in `call'
c:/RailsInstaller/Ruby1.9.3/lib/ruby/gems/1.9.1/gems/actionpack-3.2.13/lib/action_dispatch/middleware/params_parser.rb:21:in `call'
c:/RailsInstaller/Ruby1.9.3/lib/ruby/gems/1.9.1/gems/actionpack-3.2.13/lib/action_dispatch/middleware/flash.rb:242:in `call'
c:/RailsInstaller/Ruby1.9.3/lib/ruby/gems/1.9.1/gems/rack-1.4.5/lib/rack/session/abstract/id.rb:210:in `context'
c:/RailsInstaller/Ruby1.9.3/lib/ruby/gems/1.9.1/gems/rack-1.4.5/lib/rack/session/abstract/id.rb:205:in `call'
c:/RailsInstaller/Ruby1.9.3/lib/ruby/gems/1.9.1/gems/actionpack-3.2.13/lib/action_dispatch/middleware/cookies.rb:341:in `call'
c:/RailsInstaller/Ruby1.9.3/lib/ruby/gems/1.9.1/gems/activerecord-3.2.13/lib/active_record/query_cache.rb:64:in `call'
c:/RailsInstaller/Ruby1.9.3/lib/ruby/gems/1.9.1/gems/activerecord-3.2.13/lib/active_record/connection_adapters/abstract/connection_pool.rb:479:in `call'
c:/RailsInstaller/Ruby1.9.3/lib/ruby/gems/1.9.1/gems/actionpack-3.2.13/lib/action_dispatch/middleware/callbacks.rb:28:in `block in call'
c:/RailsInstaller/Ruby1.9.3/lib/ruby/gems/1.9.1/gems/activesupport-3.2.13/lib/active_support/callbacks.rb:405:in `_run__397784829__call__871756857__callbacks'
c:/RailsInstaller/Ruby1.9.3/lib/ruby/gems/1.9.1/gems/activesupport-3.2.13/lib/active_support/callbacks.rb:405:in `__run_callback'
c:/RailsInstaller/Ruby1.9.3/lib/ruby/gems/1.9.1/gems/activesupport-3.2.13/lib/active_support/callbacks.rb:385:in `_run_call_callbacks'
c:/RailsInstaller/Ruby1.9.3/lib/ruby/gems/1.9.1/gems/activesupport-3.2.13/lib/active_support/callbacks.rb:81:in `run_callbacks'
c:/RailsInstaller/Ruby1.9.3/lib/ruby/gems/1.9.1/gems/actionpack-3.2.13/lib/action_dispatch/middleware/callbacks.rb:27:in `call'
c:/RailsInstaller/Ruby1.9.3/lib/ruby/gems/1.9.1/gems/actionpack-3.2.13/lib/action_dispatch/middleware/reloader.rb:65:in `call'
c:/RailsInstaller/Ruby1.9.3/lib/ruby/gems/1.9.1/gems/actionpack-3.2.13/lib/action_dispatch/middleware/remote_ip.rb:31:in `call'
c:/RailsInstaller/Ruby1.9.3/lib/ruby/gems/1.9.1/gems/actionpack-3.2.13/lib/action_dispatch/middleware/debug_exceptions.rb:16:in `call'
c:/RailsInstaller/Ruby1.9.3/lib/ruby/gems/1.9.1/gems/actionpack-3.2.13/lib/action_dispatch/middleware/show_exceptions.rb:56:in `call'
c:/RailsInstaller/Ruby1.9.3/lib/ruby/gems/1.9.1/gems/railties-3.2.13/lib/rails/rack/logger.rb:32:in `call_app'
c:/RailsInstaller/Ruby1.9.3/lib/ruby/gems/1.9.1/gems/railties-3.2.13/lib/rails/rack/logger.rb:16:in `block in call'
c:/RailsInstaller/Ruby1.9.3/lib/ruby/gems/1.9.1/gems/activesupport-3.2.13/lib/active_support/tagged_logging.rb:22:in `tagged'
c:/RailsInstaller/Ruby1.9.3/lib/ruby/gems/1.9.1/gems/railties-3.2.13/lib/rails/rack/logger.rb:16:in `call'
c:/RailsInstaller/Ruby1.9.3/lib/ruby/gems/1.9.1/gems/actionpack-3.2.13/lib/action_dispatch/middleware/request_id.rb:22:in `call'
c:/RailsInstaller/Ruby1.9.3/lib/ruby/gems/1.9.1/gems/rack-1.4.5/lib/rack/methodoverride.rb:21:in `call'
c:/RailsInstaller/Ruby1.9.3/lib/ruby/gems/1.9.1/gems/rack-1.4.5/lib/rack/runtime.rb:17:in `call'
c:/RailsInstaller/Ruby1.9.3/lib/ruby/gems/1.9.1/gems/activesupport-3.2.13/lib/active_support/cache/strategy/local_cache.rb:72:in `call'
c:/RailsInstaller/Ruby1.9.3/lib/ruby/gems/1.9.1/gems/rack-1.4.5/lib/rack/lock.rb:15:in `call'
c:/RailsInstaller/Ruby1.9.3/lib/ruby/gems/1.9.1/gems/actionpack-3.2.13/lib/action_dispatch/middleware/static.rb:63:in `call'
c:/RailsInstaller/Ruby1.9.3/lib/ruby/gems/1.9.1/gems/railties-3.2.13/lib/rails/engine.rb:479:in `call'
c:/RailsInstaller/Ruby1.9.3/lib/ruby/gems/1.9.1/gems/railties-3.2.13/lib/rails/application.rb:223:in `call'
c:/RailsInstaller/Ruby1.9.3/lib/ruby/gems/1.9.1/gems/rack-1.4.5/lib/rack/content_length.rb:14:in `call'
c:/RailsInstaller/Ruby1.9.3/lib/ruby/gems/1.9.1/gems/railties-3.2.13/lib/rails/rack/log_tailer.rb:17:in `call'
c:/RailsInstaller/Ruby1.9.3/lib/ruby/gems/1.9.1/gems/rack-1.4.5/lib/rack/handler/webrick.rb:59:in `service'
c:/RailsInstaller/Ruby1.9.3/lib/ruby/1.9.1/webrick/httpserver.rb:138:in `service'
c:/RailsInstaller/Ruby1.9.3/lib/ruby/1.9.1/webrick/httpserver.rb:94:in `run'
c:/RailsInstaller/Ruby1.9.3/lib/ruby/1.9.1/webrick/server.rb:191:in `block in start_thread'
  Rendered posts/index.html.erb within layouts/application (15.6ms)
Completed 500 Internal Server Error in 62ms

ActionView::Template::Error (f:/myRails/blog/app/views/posts/index.html.erb:29: syntax error, unexpected keyword_end
');@output_buffer.append= ( end );@output_buffer.to_s
                               ^
f:/myRails/blog/app/views/posts/index.html.erb:30: syntax error, unexpected keyword_ensure, expecting ')'
f:/myRails/blog/app/views/posts/index.html.erb:32: syntax error, unexpected keyword_end, expecting ')'):
    26: 
    27: <%= javascript_tag do %>
    28:   alert('in................123');
    29: <%= end %>
  app/controllers/posts_controller.rb:7:in `index'


  Rendered c:/RailsInstaller/Ruby1.9.3/lib/ruby/gems/1.9.1/gems/actionpack-3.2.13/lib/action_dispatch/middleware/templates/rescues/_trace.erb (0.0ms)
  Rendered c:/RailsInstaller/Ruby1.9.3/lib/ruby/gems/1.9.1/gems/actionpack-3.2.13/lib/action_dispatch/middleware/templates/rescues/_request_and_response.erb (0.0ms)
  Rendered c:/RailsInstaller/Ruby1.9.3/lib/ruby/gems/1.9.1/gems/actionpack-3.2.13/lib/action_dispatch/middleware/templates/rescues/template_error.erb within rescues/layout (31.2ms)
Connecting to database specified by database.yml


Started GET "/assets/rails.png" for 127.0.0.1 at 2013-10-26 12:56:34 +0530
Served asset /rails.png - 200 OK (0ms)


Started GET "/blog" for 127.0.0.1 at 2013-10-26 12:56:44 +0530

ActionController::RoutingError (No route matches [GET] "/blog"):
  actionpack (3.2.13) lib/action_dispatch/middleware/debug_exceptions.rb:21:in `call'
  actionpack (3.2.13) lib/action_dispatch/middleware/show_exceptions.rb:56:in `call'
  railties (3.2.13) lib/rails/rack/logger.rb:32:in `call_app'
  railties (3.2.13) lib/rails/rack/logger.rb:16:in `block in call'
  activesupport (3.2.13) lib/active_support/tagged_logging.rb:22:in `tagged'
  railties (3.2.13) lib/rails/rack/logger.rb:16:in `call'
  actionpack (3.2.13) lib/action_dispatch/middleware/request_id.rb:22:in `call'
  rack (1.4.5) lib/rack/methodoverride.rb:21:in `call'
  rack (1.4.5) lib/rack/runtime.rb:17:in `call'
  activesupport (3.2.13) lib/active_support/cache/strategy/local_cache.rb:72:in `call'
  rack (1.4.5) lib/rack/lock.rb:15:in `call'
  actionpack (3.2.13) lib/action_dispatch/middleware/static.rb:63:in `call'
  railties (3.2.13) lib/rails/engine.rb:479:in `call'
  railties (3.2.13) lib/rails/application.rb:223:in `call'
  rack (1.4.5) lib/rack/content_length.rb:14:in `call'
  railties (3.2.13) lib/rails/rack/log_tailer.rb:17:in `call'
  rack (1.4.5) lib/rack/handler/webrick.rb:59:in `service'
  c:/RailsInstaller/Ruby1.9.3/lib/ruby/1.9.1/webrick/httpserver.rb:138:in `service'
  c:/RailsInstaller/Ruby1.9.3/lib/ruby/1.9.1/webrick/httpserver.rb:94:in `run'
  c:/RailsInstaller/Ruby1.9.3/lib/ruby/1.9.1/webrick/server.rb:191:in `block in start_thread'


  Rendered c:/RailsInstaller/Ruby1.9.3/lib/ruby/gems/1.9.1/gems/actionpack-3.2.13/lib/action_dispatch/middleware/templates/rescues/routing_error.erb within rescues/layout (0.0ms)


Started GET "/posts" for 127.0.0.1 at 2013-10-26 12:58:23 +0530
Processing by PostsController#index as HTML
  [1m[36mPost Load (0.0ms)[0m  [1mSELECT "posts".* FROM "posts" [0m
ERROR: compiling _app_views_posts_index_html_erb___889135806_21420540 RAISED f:/myRails/blog/app/views/posts/index.html.erb:29: syntax error, unexpected keyword_end
');@output_buffer.append= ( end );@output_buffer.to_s
                               ^
f:/myRails/blog/app/views/posts/index.html.erb:30: syntax error, unexpected keyword_ensure, expecting ')'
f:/myRails/blog/app/views/posts/index.html.erb:32: syntax error, unexpected keyword_end, expecting ')'
Function body:           def _app_views_posts_index_html_erb___889135806_21420540(local_assigns, output_buffer)
            _old_virtual_path, @virtual_path = @virtual_path, "posts/index";_old_output_buffer = @output_buffer;;@output_buffer = output_buffer || ActionView::OutputBuffer.new;@output_buffer.safe_concat('<h1>Listing posts</h1>

<table>
  <tr>
    <th>Title</th>
    <th>Body</th>
    <th></th>
    <th></th>
    <th></th>
  </tr>

'); @posts.each do |post| 
@output_buffer.safe_concat('  <tr>
    <td>');@output_buffer.append= ( post.title );@output_buffer.safe_concat('</td>
    <td>');@output_buffer.append= ( post.body );@output_buffer.safe_concat('</td>
    <td>');@output_buffer.append= ( link_to 'Show', post );@output_buffer.safe_concat('</td>
    <td>');@output_buffer.append= ( link_to 'Edit', edit_post_path(post) );@output_buffer.safe_concat('</td>
    <td>');@output_buffer.append= ( link_to 'Destroy', post, method: :delete, data: { confirm: 'Are you sure?' } );@output_buffer.safe_concat('</td>
  </tr>
'); end 
@output_buffer.safe_concat('</table>

<br />

');@output_buffer.append= ( link_to 'New Post', new_post_path );@output_buffer.safe_concat('
');@output_buffer.safe_concat('
');@output_buffer.append=  javascript_tag do @output_buffer.safe_concat('
');@output_buffer.safe_concat('  alert(\'in................123\');
');@output_buffer.append= ( end );@output_buffer.to_s
          ensure
            @virtual_path, @output_buffer = _old_virtual_path, _old_output_buffer
          end

Backtrace: c:/RailsInstaller/Ruby1.9.3/lib/ruby/gems/1.9.1/gems/actionpack-3.2.13/lib/action_view/template.rb:297:in `module_eval'
c:/RailsInstaller/Ruby1.9.3/lib/ruby/gems/1.9.1/gems/actionpack-3.2.13/lib/action_view/template.rb:297:in `compile'
c:/RailsInstaller/Ruby1.9.3/lib/ruby/gems/1.9.1/gems/actionpack-3.2.13/lib/action_view/template.rb:244:in `block in compile!'
<internal:prelude>:10:in `synchronize'
c:/RailsInstaller/Ruby1.9.3/lib/ruby/gems/1.9.1/gems/actionpack-3.2.13/lib/action_view/template.rb:232:in `compile!'
c:/RailsInstaller/Ruby1.9.3/lib/ruby/gems/1.9.1/gems/actionpack-3.2.13/lib/action_view/template.rb:144:in `block in render'
c:/RailsInstaller/Ruby1.9.3/lib/ruby/gems/1.9.1/gems/activesupport-3.2.13/lib/active_support/notifications.rb:125:in `instrument'
c:/RailsInstaller/Ruby1.9.3/lib/ruby/gems/1.9.1/gems/actionpack-3.2.13/lib/action_view/template.rb:143:in `render'
c:/RailsInstaller/Ruby1.9.3/lib/ruby/gems/1.9.1/gems/actionpack-3.2.13/lib/action_view/renderer/template_renderer.rb:47:in `block (2 levels) in render_template'
c:/RailsInstaller/Ruby1.9.3/lib/ruby/gems/1.9.1/gems/actionpack-3.2.13/lib/action_view/renderer/abstract_renderer.rb:38:in `block in instrument'
c:/RailsInstaller/Ruby1.9.3/lib/ruby/gems/1.9.1/gems/activesupport-3.2.13/lib/active_support/notifications.rb:123:in `block in instrument'
c:/RailsInstaller/Ruby1.9.3/lib/ruby/gems/1.9.1/gems/activesupport-3.2.13/lib/active_support/notifications/instrumenter.rb:20:in `instrument'
c:/RailsInstaller/Ruby1.9.3/lib/ruby/gems/1.9.1/gems/activesupport-3.2.13/lib/active_support/notifications.rb:123:in `instrument'
c:/RailsInstaller/Ruby1.9.3/lib/ruby/gems/1.9.1/gems/actionpack-3.2.13/lib/action_view/renderer/abstract_renderer.rb:38:in `instrument'
c:/RailsInstaller/Ruby1.9.3/lib/ruby/gems/1.9.1/gems/actionpack-3.2.13/lib/action_view/renderer/template_renderer.rb:46:in `block in render_template'
c:/RailsInstaller/Ruby1.9.3/lib/ruby/gems/1.9.1/gems/actionpack-3.2.13/lib/action_view/renderer/template_renderer.rb:54:in `render_with_layout'
c:/RailsInstaller/Ruby1.9.3/lib/ruby/gems/1.9.1/gems/actionpack-3.2.13/lib/action_view/renderer/template_renderer.rb:45:in `render_template'
c:/RailsInstaller/Ruby1.9.3/lib/ruby/gems/1.9.1/gems/actionpack-3.2.13/lib/action_view/renderer/template_renderer.rb:18:in `render'
c:/RailsInstaller/Ruby1.9.3/lib/ruby/gems/1.9.1/gems/actionpack-3.2.13/lib/action_view/renderer/renderer.rb:36:in `render_template'
c:/RailsInstaller/Ruby1.9.3/lib/ruby/gems/1.9.1/gems/actionpack-3.2.13/lib/action_view/renderer/renderer.rb:17:in `render'
c:/RailsInstaller/Ruby1.9.3/lib/ruby/gems/1.9.1/gems/actionpack-3.2.13/lib/abstract_controller/rendering.rb:110:in `_render_template'
c:/RailsInstaller/Ruby1.9.3/lib/ruby/gems/1.9.1/gems/actionpack-3.2.13/lib/action_controller/metal/streaming.rb:225:in `_render_template'
c:/RailsInstaller/Ruby1.9.3/lib/ruby/gems/1.9.1/gems/actionpack-3.2.13/lib/abstract_controller/rendering.rb:103:in `render_to_body'
c:/RailsInstaller/Ruby1.9.3/lib/ruby/gems/1.9.1/gems/actionpack-3.2.13/lib/action_controller/metal/renderers.rb:28:in `render_to_body'
c:/RailsInstaller/Ruby1.9.3/lib/ruby/gems/1.9.1/gems/actionpack-3.2.13/lib/action_controller/metal/compatibility.rb:50:in `render_to_body'
c:/RailsInstaller/Ruby1.9.3/lib/ruby/gems/1.9.1/gems/actionpack-3.2.13/lib/abstract_controller/rendering.rb:88:in `render'
c:/RailsInstaller/Ruby1.9.3/lib/ruby/gems/1.9.1/gems/actionpack-3.2.13/lib/action_controller/metal/rendering.rb:16:in `render'
c:/RailsInstaller/Ruby1.9.3/lib/ruby/gems/1.9.1/gems/actionpack-3.2.13/lib/action_controller/metal/instrumentation.rb:40:in `block (2 levels) in render'
c:/RailsInstaller/Ruby1.9.3/lib/ruby/gems/1.9.1/gems/activesupport-3.2.13/lib/active_support/core_ext/benchmark.rb:5:in `block in ms'
c:/RailsInstaller/Ruby1.9.3/lib/ruby/1.9.1/benchmark.rb:295:in `realtime'
c:/RailsInstaller/Ruby1.9.3/lib/ruby/gems/1.9.1/gems/activesupport-3.2.13/lib/active_support/core_ext/benchmark.rb:5:in `ms'
c:/RailsInstaller/Ruby1.9.3/lib/ruby/gems/1.9.1/gems/actionpack-3.2.13/lib/action_controller/metal/instrumentation.rb:40:in `block in render'
c:/RailsInstaller/Ruby1.9.3/lib/ruby/gems/1.9.1/gems/actionpack-3.2.13/lib/action_controller/metal/instrumentation.rb:83:in `cleanup_view_runtime'
c:/RailsInstaller/Ruby1.9.3/lib/ruby/gems/1.9.1/gems/activerecord-3.2.13/lib/active_record/railties/controller_runtime.rb:24:in `cleanup_view_runtime'
c:/RailsInstaller/Ruby1.9.3/lib/ruby/gems/1.9.1/gems/actionpack-3.2.13/lib/action_controller/metal/instrumentation.rb:39:in `render'
c:/RailsInstaller/Ruby1.9.3/lib/ruby/gems/1.9.1/gems/actionpack-3.2.13/lib/action_controller/metal/implicit_render.rb:10:in `default_render'
c:/RailsInstaller/Ruby1.9.3/lib/ruby/gems/1.9.1/gems/actionpack-3.2.13/lib/action_controller/metal/mime_responds.rb:196:in `respond_to'
f:/myRails/blog/app/controllers/posts_controller.rb:7:in `index'
c:/RailsInstaller/Ruby1.9.3/lib/ruby/gems/1.9.1/gems/actionpack-3.2.13/lib/action_controller/metal/implicit_render.rb:4:in `send_action'
c:/RailsInstaller/Ruby1.9.3/lib/ruby/gems/1.9.1/gems/actionpack-3.2.13/lib/abstract_controller/base.rb:167:in `process_action'
c:/RailsInstaller/Ruby1.9.3/lib/ruby/gems/1.9.1/gems/actionpack-3.2.13/lib/action_controller/metal/rendering.rb:10:in `process_action'
c:/RailsInstaller/Ruby1.9.3/lib/ruby/gems/1.9.1/gems/actionpack-3.2.13/lib/abstract_controller/callbacks.rb:18:in `block in process_action'
c:/RailsInstaller/Ruby1.9.3/lib/ruby/gems/1.9.1/gems/activesupport-3.2.13/lib/active_support/callbacks.rb:414:in `_run__947358644__process_action__491654183__callbacks'
c:/RailsInstaller/Ruby1.9.3/lib/ruby/gems/1.9.1/gems/activesupport-3.2.13/lib/active_support/callbacks.rb:405:in `__run_callback'
c:/RailsInstaller/Ruby1.9.3/lib/ruby/gems/1.9.1/gems/activesupport-3.2.13/lib/active_support/callbacks.rb:385:in `_run_process_action_callbacks'
c:/RailsInstaller/Ruby1.9.3/lib/ruby/gems/1.9.1/gems/activesupport-3.2.13/lib/active_support/callbacks.rb:81:in `run_callbacks'
c:/RailsInstaller/Ruby1.9.3/lib/ruby/gems/1.9.1/gems/actionpack-3.2.13/lib/abstract_controller/callbacks.rb:17:in `process_action'
c:/RailsInstaller/Ruby1.9.3/lib/ruby/gems/1.9.1/gems/actionpack-3.2.13/lib/action_controller/metal/rescue.rb:29:in `process_action'
c:/RailsInstaller/Ruby1.9.3/lib/ruby/gems/1.9.1/gems/actionpack-3.2.13/lib/action_controller/metal/instrumentation.rb:30:in `block in process_action'
c:/RailsInstaller/Ruby1.9.3/lib/ruby/gems/1.9.1/gems/activesupport-3.2.13/lib/active_support/notifications.rb:123:in `block in instrument'
c:/RailsInstaller/Ruby1.9.3/lib/ruby/gems/1.9.1/gems/activesupport-3.2.13/lib/active_support/notifications/instrumenter.rb:20:in `instrument'
c:/RailsInstaller/Ruby1.9.3/lib/ruby/gems/1.9.1/gems/activesupport-3.2.13/lib/active_support/notifications.rb:123:in `instrument'
c:/RailsInstaller/Ruby1.9.3/lib/ruby/gems/1.9.1/gems/actionpack-3.2.13/lib/action_controller/metal/instrumentation.rb:29:in `process_action'
c:/RailsInstaller/Ruby1.9.3/lib/ruby/gems/1.9.1/gems/actionpack-3.2.13/lib/action_controller/metal/params_wrapper.rb:207:in `process_action'
c:/RailsInstaller/Ruby1.9.3/lib/ruby/gems/1.9.1/gems/activerecord-3.2.13/lib/active_record/railties/controller_runtime.rb:18:in `process_action'
c:/RailsInstaller/Ruby1.9.3/lib/ruby/gems/1.9.1/gems/actionpack-3.2.13/lib/abstract_controller/base.rb:121:in `process'
c:/RailsInstaller/Ruby1.9.3/lib/ruby/gems/1.9.1/gems/actionpack-3.2.13/lib/abstract_controller/rendering.rb:45:in `process'
c:/RailsInstaller/Ruby1.9.3/lib/ruby/gems/1.9.1/gems/actionpack-3.2.13/lib/action_controller/metal.rb:203:in `dispatch'
c:/RailsInstaller/Ruby1.9.3/lib/ruby/gems/1.9.1/gems/actionpack-3.2.13/lib/action_controller/metal/rack_delegation.rb:14:in `dispatch'
c:/RailsInstaller/Ruby1.9.3/lib/ruby/gems/1.9.1/gems/actionpack-3.2.13/lib/action_controller/metal.rb:246:in `block in action'
c:/RailsInstaller/Ruby1.9.3/lib/ruby/gems/1.9.1/gems/actionpack-3.2.13/lib/action_dispatch/routing/route_set.rb:73:in `call'
c:/RailsInstaller/Ruby1.9.3/lib/ruby/gems/1.9.1/gems/actionpack-3.2.13/lib/action_dispatch/routing/route_set.rb:73:in `dispatch'
c:/RailsInstaller/Ruby1.9.3/lib/ruby/gems/1.9.1/gems/actionpack-3.2.13/lib/action_dispatch/routing/route_set.rb:36:in `call'
c:/RailsInstaller/Ruby1.9.3/lib/ruby/gems/1.9.1/gems/journey-1.0.4/lib/journey/router.rb:68:in `block in call'
c:/RailsInstaller/Ruby1.9.3/lib/ruby/gems/1.9.1/gems/journey-1.0.4/lib/journey/router.rb:56:in `each'
c:/RailsInstaller/Ruby1.9.3/lib/ruby/gems/1.9.1/gems/journey-1.0.4/lib/journey/router.rb:56:in `call'
c:/RailsInstaller/Ruby1.9.3/lib/ruby/gems/1.9.1/gems/actionpack-3.2.13/lib/action_dispatch/routing/route_set.rb:612:in `call'
c:/RailsInstaller/Ruby1.9.3/lib/ruby/gems/1.9.1/gems/actionpack-3.2.13/lib/action_dispatch/middleware/best_standards_support.rb:17:in `call'
c:/RailsInstaller/Ruby1.9.3/lib/ruby/gems/1.9.1/gems/rack-1.4.5/lib/rack/etag.rb:23:in `call'
c:/RailsInstaller/Ruby1.9.3/lib/ruby/gems/1.9.1/gems/rack-1.4.5/lib/rack/conditionalget.rb:25:in `call'
c:/RailsInstaller/Ruby1.9.3/lib/ruby/gems/1.9.1/gems/actionpack-3.2.13/lib/action_dispatch/middleware/head.rb:14:in `call'
c:/RailsInstaller/Ruby1.9.3/lib/ruby/gems/1.9.1/gems/actionpack-3.2.13/lib/action_dispatch/middleware/params_parser.rb:21:in `call'
c:/RailsInstaller/Ruby1.9.3/lib/ruby/gems/1.9.1/gems/actionpack-3.2.13/lib/action_dispatch/middleware/flash.rb:242:in `call'
c:/RailsInstaller/Ruby1.9.3/lib/ruby/gems/1.9.1/gems/rack-1.4.5/lib/rack/session/abstract/id.rb:210:in `context'
c:/RailsInstaller/Ruby1.9.3/lib/ruby/gems/1.9.1/gems/rack-1.4.5/lib/rack/session/abstract/id.rb:205:in `call'
c:/RailsInstaller/Ruby1.9.3/lib/ruby/gems/1.9.1/gems/actionpack-3.2.13/lib/action_dispatch/middleware/cookies.rb:341:in `call'
c:/RailsInstaller/Ruby1.9.3/lib/ruby/gems/1.9.1/gems/activerecord-3.2.13/lib/active_record/query_cache.rb:64:in `call'
c:/RailsInstaller/Ruby1.9.3/lib/ruby/gems/1.9.1/gems/activerecord-3.2.13/lib/active_record/connection_adapters/abstract/connection_pool.rb:479:in `call'
c:/RailsInstaller/Ruby1.9.3/lib/ruby/gems/1.9.1/gems/actionpack-3.2.13/lib/action_dispatch/middleware/callbacks.rb:28:in `block in call'
c:/RailsInstaller/Ruby1.9.3/lib/ruby/gems/1.9.1/gems/activesupport-3.2.13/lib/active_support/callbacks.rb:405:in `_run__525600469__call__133184541__callbacks'
c:/RailsInstaller/Ruby1.9.3/lib/ruby/gems/1.9.1/gems/activesupport-3.2.13/lib/active_support/callbacks.rb:405:in `__run_callback'
c:/RailsInstaller/Ruby1.9.3/lib/ruby/gems/1.9.1/gems/activesupport-3.2.13/lib/active_support/callbacks.rb:385:in `_run_call_callbacks'
c:/RailsInstaller/Ruby1.9.3/lib/ruby/gems/1.9.1/gems/activesupport-3.2.13/lib/active_support/callbacks.rb:81:in `run_callbacks'
c:/RailsInstaller/Ruby1.9.3/lib/ruby/gems/1.9.1/gems/actionpack-3.2.13/lib/action_dispatch/middleware/callbacks.rb:27:in `call'
c:/RailsInstaller/Ruby1.9.3/lib/ruby/gems/1.9.1/gems/actionpack-3.2.13/lib/action_dispatch/middleware/reloader.rb:65:in `call'
c:/RailsInstaller/Ruby1.9.3/lib/ruby/gems/1.9.1/gems/actionpack-3.2.13/lib/action_dispatch/middleware/remote_ip.rb:31:in `call'
c:/RailsInstaller/Ruby1.9.3/lib/ruby/gems/1.9.1/gems/actionpack-3.2.13/lib/action_dispatch/middleware/debug_exceptions.rb:16:in `call'
c:/RailsInstaller/Ruby1.9.3/lib/ruby/gems/1.9.1/gems/actionpack-3.2.13/lib/action_dispatch/middleware/show_exceptions.rb:56:in `call'
c:/RailsInstaller/Ruby1.9.3/lib/ruby/gems/1.9.1/gems/railties-3.2.13/lib/rails/rack/logger.rb:32:in `call_app'
c:/RailsInstaller/Ruby1.9.3/lib/ruby/gems/1.9.1/gems/railties-3.2.13/lib/rails/rack/logger.rb:16:in `block in call'
c:/RailsInstaller/Ruby1.9.3/lib/ruby/gems/1.9.1/gems/activesupport-3.2.13/lib/active_support/tagged_logging.rb:22:in `tagged'
c:/RailsInstaller/Ruby1.9.3/lib/ruby/gems/1.9.1/gems/railties-3.2.13/lib/rails/rack/logger.rb:16:in `call'
c:/RailsInstaller/Ruby1.9.3/lib/ruby/gems/1.9.1/gems/actionpack-3.2.13/lib/action_dispatch/middleware/request_id.rb:22:in `call'
c:/RailsInstaller/Ruby1.9.3/lib/ruby/gems/1.9.1/gems/rack-1.4.5/lib/rack/methodoverride.rb:21:in `call'
c:/RailsInstaller/Ruby1.9.3/lib/ruby/gems/1.9.1/gems/rack-1.4.5/lib/rack/runtime.rb:17:in `call'
c:/RailsInstaller/Ruby1.9.3/lib/ruby/gems/1.9.1/gems/activesupport-3.2.13/lib/active_support/cache/strategy/local_cache.rb:72:in `call'
c:/RailsInstaller/Ruby1.9.3/lib/ruby/gems/1.9.1/gems/rack-1.4.5/lib/rack/lock.rb:15:in `call'
c:/RailsInstaller/Ruby1.9.3/lib/ruby/gems/1.9.1/gems/actionpack-3.2.13/lib/action_dispatch/middleware/static.rb:63:in `call'
c:/RailsInstaller/Ruby1.9.3/lib/ruby/gems/1.9.1/gems/railties-3.2.13/lib/rails/engine.rb:479:in `call'
c:/RailsInstaller/Ruby1.9.3/lib/ruby/gems/1.9.1/gems/railties-3.2.13/lib/rails/application.rb:223:in `call'
c:/RailsInstaller/Ruby1.9.3/lib/ruby/gems/1.9.1/gems/rack-1.4.5/lib/rack/content_length.rb:14:in `call'
c:/RailsInstaller/Ruby1.9.3/lib/ruby/gems/1.9.1/gems/railties-3.2.13/lib/rails/rack/log_tailer.rb:17:in `call'
c:/RailsInstaller/Ruby1.9.3/lib/ruby/gems/1.9.1/gems/rack-1.4.5/lib/rack/handler/webrick.rb:59:in `service'
c:/RailsInstaller/Ruby1.9.3/lib/ruby/1.9.1/webrick/httpserver.rb:138:in `service'
c:/RailsInstaller/Ruby1.9.3/lib/ruby/1.9.1/webrick/httpserver.rb:94:in `run'
c:/RailsInstaller/Ruby1.9.3/lib/ruby/1.9.1/webrick/server.rb:191:in `block in start_thread'
  Rendered posts/index.html.erb within layouts/application (31.2ms)
Completed 500 Internal Server Error in 266ms

ActionView::Template::Error (f:/myRails/blog/app/views/posts/index.html.erb:29: syntax error, unexpected keyword_end
');@output_buffer.append= ( end );@output_buffer.to_s
                               ^
f:/myRails/blog/app/views/posts/index.html.erb:30: syntax error, unexpected keyword_ensure, expecting ')'
f:/myRails/blog/app/views/posts/index.html.erb:32: syntax error, unexpected keyword_end, expecting ')'):
    26: 
    27: <%= javascript_tag do %>
    28:   alert('in................123');
    29: <%= end %>
  app/controllers/posts_controller.rb:7:in `index'


  Rendered c:/RailsInstaller/Ruby1.9.3/lib/ruby/gems/1.9.1/gems/actionpack-3.2.13/lib/action_dispatch/middleware/templates/rescues/_trace.erb (31.2ms)
  Rendered c:/RailsInstaller/Ruby1.9.3/lib/ruby/gems/1.9.1/gems/actionpack-3.2.13/lib/action_dispatch/middleware/templates/rescues/_request_and_response.erb (0.0ms)
  Rendered c:/RailsInstaller/Ruby1.9.3/lib/ruby/gems/1.9.1/gems/actionpack-3.2.13/lib/action_dispatch/middleware/templates/rescues/template_error.erb within rescues/layout (78.1ms)
Connecting to database specified by database.yml


Started GET "/assets/rails.png" for 127.0.0.1 at 2013-11-20 23:42:11 +0530
Served asset /rails.png - 200 OK (62ms)
